<?xml version="1.0" encoding="UTF-8"?>
<testsuite xmlns:xsi="http://www.w3.org/2001/XMLSchema-instance" xsi:noNamespaceSchemaLocation="https://maven.apache.org/surefire/maven-surefire-plugin/xsd/surefire-test-report.xsd" version="3.0.2" name="com.example.hibernatetutorial.HibernateTutorialApplicationTests" time="7.559" tests="1" errors="0" skipped="0" failures="0" flakes="0">
  <properties>
[...]
</properties>
  <testcase name="contextLoads" classname="com.example.hibernatetutorial.HibernateTutorialApplicationTests" time="0.687">
    <system-out><![CDATA[23:01:21.272 [main] INFO org.springframework.test.context.support.AnnotationConfigContextLoaderUtils -- Could not detect default configuration classes for test class [com.example.hibernatetutorial.HibernateTutorialApplicationTests]: HibernateTutorialApplicationTests does not declare any static, non-private, non-final, nested classes annotated with @Configuration.
23:01:21.420 [main] INFO org.springframework.boot.test.context.SpringBootTestContextBootstrapper -- Found @SpringBootConfiguration com.example.hibernatetutorial.HibernateTutorialApplication for test class com.example.hibernatetutorial.HibernateTutorialApplicationTests
23:01:21.505 [main] INFO org.springframework.test.context.support.AnnotationConfigContextLoaderUtils -- Could not detect default configuration classes for test class [com.example.hibernatetutorial.HibernateTutorialApplicationTests]: HibernateTutorialApplicationTests does not declare any static, non-private, non-final, nested classes annotated with @Configuration.
23:01:21.505 [main] INFO org.springframework.boot.test.context.SpringBootTestContextBootstrapper -- Found @SpringBootConfiguration com.example.hibernatetutorial.HibernateTutorialApplication for test class com.example.hibernatetutorial.HibernateTutorialApplicationTests

  .   ____          _            __ _ _
 /\\ / ___'_ __ _ _(_)_ __  __ _ \ \ \ \
( ( )\___ | '_ | '_| | '_ \/ _` | \ \ \ \
 \\/  ___)| |_)| | | | | || (_| |  ) ) ) )
  '  |____| .__|_| |_|_| |_\__, | / / / /
 =========|_|==============|___/=/_/_/_/

 :: Spring Boot ::                (v4.0.6)

2026-05-02T23:01:21.960+02:00  INFO 26692 --- [hibernate-tutorial] [           main] c.e.h.HibernateTutorialApplicationTests  : Starting HibernateTutorialApplicationTests using Java 21.0.2 with PID 26692 (started by drave in C:\Users\drave\Documents\developpement\hibernate_tutorial)
2026-05-02T23:01:21.962+02:00  INFO 26692 --- [hibernate-tutorial] [           main] c.e.h.HibernateTutorialApplicationTests  : No active profile set, falling back to 1 default profile: "default"
2026-05-02T23:01:22.553+02:00  INFO 26692 --- [hibernate-tutorial] [           main] .s.d.r.c.RepositoryConfigurationDelegate : Bootstrapping Spring Data JPA repositories in DEFAULT mode.
2026-05-02T23:01:22.681+02:00  INFO 26692 --- [hibernate-tutorial] [           main] .s.d.r.c.RepositoryConfigurationDelegate : Finished Spring Data repository scanning in 116 ms. Found 3 JPA repository interfaces.
2026-05-02T23:01:23.095+02:00  INFO 26692 --- [hibernate-tutorial] [           main] org.hibernate.orm.jpa                    : HHH008540: Processing PersistenceUnitInfo [name: default]
2026-05-02T23:01:23.170+02:00  INFO 26692 --- [hibernate-tutorial] [           main] org.hibernate.orm.core                   : HHH000001: Hibernate ORM core version 7.2.12.Final
2026-05-02T23:01:24.116+02:00  INFO 26692 --- [hibernate-tutorial] [           main] o.s.o.j.p.SpringPersistenceUnitInfo      : No LoadTimeWeaver setup: ignoring JPA class transformer
2026-05-02T23:01:24.149+02:00  INFO 26692 --- [hibernate-tutorial] [           main] com.zaxxer.hikari.HikariDataSource       : HikariPool-1 - Starting...
2026-05-02T23:01:24.406+02:00  INFO 26692 --- [hibernate-tutorial] [           main] com.zaxxer.hikari.pool.HikariPool        : HikariPool-1 - Added connection conn0: url=jdbc:h2:mem:shop user=SA
2026-05-02T23:01:24.408+02:00  INFO 26692 --- [hibernate-tutorial] [           main] com.zaxxer.hikari.HikariDataSource       : HikariPool-1 - Start completed.
2026-05-02T23:01:24.488+02:00  INFO 26692 --- [hibernate-tutorial] [           main] org.hibernate.orm.connections.pooling    : HHH10001005: Database info:
	Database JDBC URL [jdbc:h2:mem:shop]
	Database driver: H2 JDBC Driver
	Database dialect: H2Dialect
	Database version: 2.4.240
	Default catalog/schema: SHOP/PUBLIC
	Autocommit mode: undefined/unknown
	Isolation level: READ_COMMITTED [default READ_COMMITTED]
	JDBC fetch size: 100
	Pool: DataSourceConnectionProvider
	Minimum pool size: undefined/unknown
	Maximum pool size: undefined/unknown
2026-05-02T23:01:25.546+02:00  INFO 26692 --- [hibernate-tutorial] [           main] org.hibernate.orm.core                   : HHH000489: No JTA platform available (set 'hibernate.transaction.jta.platform' to enable JTA platform integration)
2026-05-02T23:01:25.566+02:00 DEBUG 26692 --- [hibernate-tutorial] [           main] org.hibernate.SQL                        : 
    drop table if exists customers cascade 
2026-05-02T23:01:25.568+02:00 DEBUG 26692 --- [hibernate-tutorial] [           main] org.hibernate.SQL                        : 
    drop table if exists order_lines cascade 
2026-05-02T23:01:25.568+02:00 DEBUG 26692 --- [hibernate-tutorial] [           main] org.hibernate.SQL                        : 
    drop table if exists products cascade 
2026-05-02T23:01:25.568+02:00 DEBUG 26692 --- [hibernate-tutorial] [           main] org.hibernate.SQL                        : 
    drop table if exists purchase_orders cascade 
2026-05-02T23:01:25.574+02:00 DEBUG 26692 --- [hibernate-tutorial] [           main] org.hibernate.SQL                        : 
    create table customers (
        id bigint generated by default as identity,
        email varchar(255) not null unique,
        first_name varchar(255) not null,
        last_name varchar(255) not null,
        primary key (id)
    )
2026-05-02T23:01:25.585+02:00 DEBUG 26692 --- [hibernate-tutorial] [           main] org.hibernate.SQL                        : 
    create table order_lines (
        quantity integer not null,
        unit_price_snapshot numeric(10,2) not null,
        id bigint generated by default as identity,
        order_id bigint not null,
        product_id bigint not null,
        primary key (id)
    )
2026-05-02T23:01:25.588+02:00 DEBUG 26692 --- [hibernate-tutorial] [           main] org.hibernate.SQL                        : 
    create table products (
        price numeric(10,2) not null,
        stock_quantity integer not null,
        id bigint generated by default as identity,
        name varchar(255) not null,
        sku varchar(255) not null unique,
        primary key (id)
    )
2026-05-02T23:01:25.590+02:00 DEBUG 26692 --- [hibernate-tutorial] [           main] org.hibernate.SQL                        : 
    create table purchase_orders (
        created_at timestamp(6) with time zone not null,
        customer_id bigint not null,
        id bigint generated by default as identity,
        status enum ('CREATED','PAID','SHIPPED') not null,
        primary key (id)
    )
2026-05-02T23:01:25.591+02:00 DEBUG 26692 --- [hibernate-tutorial] [           main] org.hibernate.SQL                        : 
    alter table if exists order_lines 
       add constraint FKt2dn0kd5eewlnvj437fob6c4l 
       foreign key (order_id) 
       references purchase_orders
2026-05-02T23:01:25.604+02:00 DEBUG 26692 --- [hibernate-tutorial] [           main] org.hibernate.SQL                        : 
    alter table if exists order_lines 
       add constraint FK5v1oeejtgtf2n3toppm3tkuhh 
       foreign key (product_id) 
       references products
2026-05-02T23:01:25.604+02:00 DEBUG 26692 --- [hibernate-tutorial] [           main] org.hibernate.SQL                        : 
    alter table if exists purchase_orders 
       add constraint FKfbqmektiojpqhypnpog4uqk41 
       foreign key (customer_id) 
       references customers
2026-05-02T23:01:25.604+02:00  INFO 26692 --- [hibernate-tutorial] [           main] j.LocalContainerEntityManagerFactoryBean : Initialized JPA EntityManagerFactory for persistence unit 'default'
2026-05-02T23:01:25.737+02:00  INFO 26692 --- [hibernate-tutorial] [           main] o.s.d.j.r.query.QueryEnhancerFactories   : Hibernate is in classpath; If applicable, HQL parser will be used.
2026-05-02T23:01:27.281+02:00  INFO 26692 --- [hibernate-tutorial] [           main] c.e.h.HibernateTutorialApplicationTests  : Started HibernateTutorialApplicationTests in 5.7 seconds (process running for 7.506)
2026-05-02T23:01:27.315+02:00 DEBUG 26692 --- [hibernate-tutorial] [           main] org.hibernate.SQL                        : 
    /* delete 
    from
        OrderLine */ delete 
    from
        order_lines ol1_0
2026-05-02T23:01:27.346+02:00 DEBUG 26692 --- [hibernate-tutorial] [           main] org.hibernate.SQL                        : 
    /* delete 
    from
        PurchaseOrder x */ delete 
    from
        purchase_orders po1_0
2026-05-02T23:01:27.348+02:00 DEBUG 26692 --- [hibernate-tutorial] [           main] org.hibernate.SQL                        : 
    /* delete 
    from
        Customer x */ delete 
    from
        customers c1_0
2026-05-02T23:01:27.352+02:00 DEBUG 26692 --- [hibernate-tutorial] [           main] org.hibernate.SQL                        : 
    /* delete 
    from
        Product x */ delete 
    from
        products p1_0
2026-05-02T23:01:27.371+02:00 DEBUG 26692 --- [hibernate-tutorial] [           main] org.hibernate.SQL                        : 
    /* insert 
    for
        com.example.hibernatetutorial.domain.Product
        */insert 
    into
        products (name, price, sku, stock_quantity, id) 
    values
        (?, ?, ?, ?, default)
2026-05-02T23:01:27.371+02:00 TRACE 26692 --- [hibernate-tutorial] [           main] org.hibernate.orm.jdbc.bind              : binding parameter (1:VARCHAR) <- [Ultrabook 14 pouces]
2026-05-02T23:01:27.371+02:00 TRACE 26692 --- [hibernate-tutorial] [           main] org.hibernate.orm.jdbc.bind              : binding parameter (2:NUMERIC) <- [1299.00]
2026-05-02T23:01:27.371+02:00 TRACE 26692 --- [hibernate-tutorial] [           main] org.hibernate.orm.jdbc.bind              : binding parameter (3:VARCHAR) <- [SKU-LAPTOP-PRO]
2026-05-02T23:01:27.371+02:00 TRACE 26692 --- [hibernate-tutorial] [           main] org.hibernate.orm.jdbc.bind              : binding parameter (4:INTEGER) <- [25]
2026-05-02T23:01:27.403+02:00 DEBUG 26692 --- [hibernate-tutorial] [           main] org.hibernate.SQL                        : 
    /* insert 
    for
        com.example.hibernatetutorial.domain.Product
        */insert 
    into
        products (name, price, sku, stock_quantity, id) 
    values
        (?, ?, ?, ?, default)
2026-05-02T23:01:27.403+02:00 TRACE 26692 --- [hibernate-tutorial] [           main] org.hibernate.orm.jdbc.bind              : binding parameter (1:VARCHAR) <- [Smartphone Plus]
2026-05-02T23:01:27.403+02:00 TRACE 26692 --- [hibernate-tutorial] [           main] org.hibernate.orm.jdbc.bind              : binding parameter (2:NUMERIC) <- [899.00]
2026-05-02T23:01:27.404+02:00 TRACE 26692 --- [hibernate-tutorial] [           main] org.hibernate.orm.jdbc.bind              : binding parameter (3:VARCHAR) <- [SKU-PHONE-PLUS]
2026-05-02T23:01:27.405+02:00 TRACE 26692 --- [hibernate-tutorial] [           main] org.hibernate.orm.jdbc.bind              : binding parameter (4:INTEGER) <- [40]
2026-05-02T23:01:27.405+02:00 DEBUG 26692 --- [hibernate-tutorial] [           main] org.hibernate.SQL                        : 
    /* insert 
    for
        com.example.hibernatetutorial.domain.Product
        */insert 
    into
        products (name, price, sku, stock_quantity, id) 
    values
        (?, ?, ?, ?, default)
2026-05-02T23:01:27.405+02:00 TRACE 26692 --- [hibernate-tutorial] [           main] org.hibernate.orm.jdbc.bind              : binding parameter (1:VARCHAR) <- [Casque Bluetooth]
2026-05-02T23:01:27.405+02:00 TRACE 26692 --- [hibernate-tutorial] [           main] org.hibernate.orm.jdbc.bind              : binding parameter (2:NUMERIC) <- [149.90]
2026-05-02T23:01:27.405+02:00 TRACE 26692 --- [hibernate-tutorial] [           main] org.hibernate.orm.jdbc.bind              : binding parameter (3:VARCHAR) <- [SKU-HEADSET-BT]
2026-05-02T23:01:27.405+02:00 TRACE 26692 --- [hibernate-tutorial] [           main] org.hibernate.orm.jdbc.bind              : binding parameter (4:INTEGER) <- [80]
2026-05-02T23:01:27.405+02:00 DEBUG 26692 --- [hibernate-tutorial] [           main] org.hibernate.SQL                        : 
    /* insert 
    for
        com.example.hibernatetutorial.domain.Product
        */insert 
    into
        products (name, price, sku, stock_quantity, id) 
    values
        (?, ?, ?, ?, default)
2026-05-02T23:01:27.405+02:00 TRACE 26692 --- [hibernate-tutorial] [           main] org.hibernate.orm.jdbc.bind              : binding parameter (1:VARCHAR) <- [Clavier mecanique]
2026-05-02T23:01:27.405+02:00 TRACE 26692 --- [hibernate-tutorial] [           main] org.hibernate.orm.jdbc.bind              : binding parameter (2:NUMERIC) <- [119.90]
2026-05-02T23:01:27.405+02:00 TRACE 26692 --- [hibernate-tutorial] [           main] org.hibernate.orm.jdbc.bind              : binding parameter (3:VARCHAR) <- [SKU-KEYBOARD-MECH]
2026-05-02T23:01:27.405+02:00 TRACE 26692 --- [hibernate-tutorial] [           main] org.hibernate.orm.jdbc.bind              : binding parameter (4:INTEGER) <- [55]
2026-05-02T23:01:27.405+02:00 DEBUG 26692 --- [hibernate-tutorial] [           main] org.hibernate.SQL                        : 
    /* insert 
    for
        com.example.hibernatetutorial.domain.Product
        */insert 
    into
        products (name, price, sku, stock_quantity, id) 
    values
        (?, ?, ?, ?, default)
2026-05-02T23:01:27.405+02:00 TRACE 26692 --- [hibernate-tutorial] [           main] org.hibernate.orm.jdbc.bind              : binding parameter (1:VARCHAR) <- [Souris sans fil]
2026-05-02T23:01:27.405+02:00 TRACE 26692 --- [hibernate-tutorial] [           main] org.hibernate.orm.jdbc.bind              : binding parameter (2:NUMERIC) <- [49.90]
2026-05-02T23:01:27.405+02:00 TRACE 26692 --- [hibernate-tutorial] [           main] org.hibernate.orm.jdbc.bind              : binding parameter (3:VARCHAR) <- [SKU-MOUSE-WIRELESS]
2026-05-02T23:01:27.405+02:00 TRACE 26692 --- [hibernate-tutorial] [           main] org.hibernate.orm.jdbc.bind              : binding parameter (4:INTEGER) <- [120]
2026-05-02T23:01:27.405+02:00 DEBUG 26692 --- [hibernate-tutorial] [           main] org.hibernate.SQL                        : 
    /* insert 
    for
        com.example.hibernatetutorial.domain.Customer
        */insert 
    into
        customers (email, first_name, last_name, id) 
    values
        (?, ?, ?, default)
2026-05-02T23:01:27.413+02:00 TRACE 26692 --- [hibernate-tutorial] [           main] org.hibernate.orm.jdbc.bind              : binding parameter (1:VARCHAR) <- [alice.martin@example.com]
2026-05-02T23:01:27.413+02:00 TRACE 26692 --- [hibernate-tutorial] [           main] org.hibernate.orm.jdbc.bind              : binding parameter (2:VARCHAR) <- [Alice]
2026-05-02T23:01:27.413+02:00 TRACE 26692 --- [hibernate-tutorial] [           main] org.hibernate.orm.jdbc.bind              : binding parameter (3:VARCHAR) <- [Martin]
2026-05-02T23:01:27.415+02:00 DEBUG 26692 --- [hibernate-tutorial] [           main] org.hibernate.SQL                        : 
    /* insert 
    for
        com.example.hibernatetutorial.domain.Customer
        */insert 
    into
        customers (email, first_name, last_name, id) 
    values
        (?, ?, ?, default)
2026-05-02T23:01:27.415+02:00 TRACE 26692 --- [hibernate-tutorial] [           main] org.hibernate.orm.jdbc.bind              : binding parameter (1:VARCHAR) <- [nora.bernard@example.com]
2026-05-02T23:01:27.415+02:00 TRACE 26692 --- [hibernate-tutorial] [           main] org.hibernate.orm.jdbc.bind              : binding parameter (2:VARCHAR) <- [Nora]
2026-05-02T23:01:27.415+02:00 TRACE 26692 --- [hibernate-tutorial] [           main] org.hibernate.orm.jdbc.bind              : binding parameter (3:VARCHAR) <- [Bernard]
2026-05-02T23:01:27.415+02:00 DEBUG 26692 --- [hibernate-tutorial] [           main] org.hibernate.SQL                        : 
    /* insert 
    for
        com.example.hibernatetutorial.domain.Customer
        */insert 
    into
        customers (email, first_name, last_name, id) 
    values
        (?, ?, ?, default)
2026-05-02T23:01:27.415+02:00 TRACE 26692 --- [hibernate-tutorial] [           main] org.hibernate.orm.jdbc.bind              : binding parameter (1:VARCHAR) <- [yann.petit@example.com]
2026-05-02T23:01:27.415+02:00 TRACE 26692 --- [hibernate-tutorial] [           main] org.hibernate.orm.jdbc.bind              : binding parameter (2:VARCHAR) <- [Yann]
2026-05-02T23:01:27.415+02:00 TRACE 26692 --- [hibernate-tutorial] [           main] org.hibernate.orm.jdbc.bind              : binding parameter (3:VARCHAR) <- [Petit]
2026-05-02T23:01:27.421+02:00 DEBUG 26692 --- [hibernate-tutorial] [           main] org.hibernate.SQL                        : 
    /* insert 
    for
        com.example.hibernatetutorial.domain.PurchaseOrder
        */insert 
    into
        purchase_orders (created_at, customer_id, status, id) 
    values
        (?, ?, ?, default)
2026-05-02T23:01:27.426+02:00 TRACE 26692 --- [hibernate-tutorial] [           main] org.hibernate.orm.jdbc.bind              : binding parameter (1:TIMESTAMP_UTC) <- [2026-04-27T21:01:27.415523100Z]
2026-05-02T23:01:27.431+02:00 TRACE 26692 --- [hibernate-tutorial] [           main] org.hibernate.orm.jdbc.bind              : binding parameter (2:BIGINT) <- [1]
2026-05-02T23:01:27.431+02:00 TRACE 26692 --- [hibernate-tutorial] [           main] org.hibernate.orm.jdbc.bind              : binding parameter (3:ENUM) <- [PAID]
2026-05-02T23:01:27.437+02:00 DEBUG 26692 --- [hibernate-tutorial] [           main] org.hibernate.SQL                        : 
    /* insert 
    for
        com.example.hibernatetutorial.domain.OrderLine
        */insert 
    into
        order_lines (order_id, product_id, quantity, unit_price_snapshot, id) 
    values
        (?, ?, ?, ?, default)
2026-05-02T23:01:27.437+02:00 TRACE 26692 --- [hibernate-tutorial] [           main] org.hibernate.orm.jdbc.bind              : binding parameter (1:BIGINT) <- [1]
2026-05-02T23:01:27.437+02:00 TRACE 26692 --- [hibernate-tutorial] [           main] org.hibernate.orm.jdbc.bind              : binding parameter (2:BIGINT) <- [1]
2026-05-02T23:01:27.437+02:00 TRACE 26692 --- [hibernate-tutorial] [           main] org.hibernate.orm.jdbc.bind              : binding parameter (3:INTEGER) <- [1]
2026-05-02T23:01:27.437+02:00 TRACE 26692 --- [hibernate-tutorial] [           main] org.hibernate.orm.jdbc.bind              : binding parameter (4:NUMERIC) <- [1299.00]
2026-05-02T23:01:27.440+02:00 DEBUG 26692 --- [hibernate-tutorial] [           main] org.hibernate.SQL                        : 
    /* insert 
    for
        com.example.hibernatetutorial.domain.OrderLine
        */insert 
    into
        order_lines (order_id, product_id, quantity, unit_price_snapshot, id) 
    values
        (?, ?, ?, ?, default)
2026-05-02T23:01:27.440+02:00 TRACE 26692 --- [hibernate-tutorial] [           main] org.hibernate.orm.jdbc.bind              : binding parameter (1:BIGINT) <- [1]
2026-05-02T23:01:27.440+02:00 TRACE 26692 --- [hibernate-tutorial] [           main] org.hibernate.orm.jdbc.bind              : binding parameter (2:BIGINT) <- [5]
2026-05-02T23:01:27.440+02:00 TRACE 26692 --- [hibernate-tutorial] [           main] org.hibernate.orm.jdbc.bind              : binding parameter (3:INTEGER) <- [2]
2026-05-02T23:01:27.441+02:00 TRACE 26692 --- [hibernate-tutorial] [           main] org.hibernate.orm.jdbc.bind              : binding parameter (4:NUMERIC) <- [49.90]
2026-05-02T23:01:27.441+02:00 DEBUG 26692 --- [hibernate-tutorial] [           main] org.hibernate.SQL                        : 
    /* insert 
    for
        com.example.hibernatetutorial.domain.PurchaseOrder
        */insert 
    into
        purchase_orders (created_at, customer_id, status, id) 
    values
        (?, ?, ?, default)
2026-05-02T23:01:27.441+02:00 TRACE 26692 --- [hibernate-tutorial] [           main] org.hibernate.orm.jdbc.bind              : binding parameter (1:TIMESTAMP_UTC) <- [2026-04-29T21:01:27.415523100Z]
2026-05-02T23:01:27.441+02:00 TRACE 26692 --- [hibernate-tutorial] [           main] org.hibernate.orm.jdbc.bind              : binding parameter (2:BIGINT) <- [2]
2026-05-02T23:01:27.441+02:00 TRACE 26692 --- [hibernate-tutorial] [           main] org.hibernate.orm.jdbc.bind              : binding parameter (3:ENUM) <- [SHIPPED]
2026-05-02T23:01:27.441+02:00 DEBUG 26692 --- [hibernate-tutorial] [           main] org.hibernate.SQL                        : 
    /* insert 
    for
        com.example.hibernatetutorial.domain.OrderLine
        */insert 
    into
        order_lines (order_id, product_id, quantity, unit_price_snapshot, id) 
    values
        (?, ?, ?, ?, default)
2026-05-02T23:01:27.441+02:00 TRACE 26692 --- [hibernate-tutorial] [           main] org.hibernate.orm.jdbc.bind              : binding parameter (1:BIGINT) <- [2]
2026-05-02T23:01:27.441+02:00 TRACE 26692 --- [hibernate-tutorial] [           main] org.hibernate.orm.jdbc.bind              : binding parameter (2:BIGINT) <- [2]
2026-05-02T23:01:27.441+02:00 TRACE 26692 --- [hibernate-tutorial] [           main] org.hibernate.orm.jdbc.bind              : binding parameter (3:INTEGER) <- [1]
2026-05-02T23:01:27.441+02:00 TRACE 26692 --- [hibernate-tutorial] [           main] org.hibernate.orm.jdbc.bind              : binding parameter (4:NUMERIC) <- [899.00]
2026-05-02T23:01:27.444+02:00 DEBUG 26692 --- [hibernate-tutorial] [           main] org.hibernate.SQL                        : 
    /* insert 
    for
        com.example.hibernatetutorial.domain.OrderLine
        */insert 
    into
        order_lines (order_id, product_id, quantity, unit_price_snapshot, id) 
    values
        (?, ?, ?, ?, default)
2026-05-02T23:01:27.444+02:00 TRACE 26692 --- [hibernate-tutorial] [           main] org.hibernate.orm.jdbc.bind              : binding parameter (1:BIGINT) <- [2]
2026-05-02T23:01:27.444+02:00 TRACE 26692 --- [hibernate-tutorial] [           main] org.hibernate.orm.jdbc.bind              : binding parameter (2:BIGINT) <- [3]
2026-05-02T23:01:27.444+02:00 TRACE 26692 --- [hibernate-tutorial] [           main] org.hibernate.orm.jdbc.bind              : binding parameter (3:INTEGER) <- [2]
2026-05-02T23:01:27.444+02:00 TRACE 26692 --- [hibernate-tutorial] [           main] org.hibernate.orm.jdbc.bind              : binding parameter (4:NUMERIC) <- [149.90]
2026-05-02T23:01:27.446+02:00 DEBUG 26692 --- [hibernate-tutorial] [           main] org.hibernate.SQL                        : 
    /* insert 
    for
        com.example.hibernatetutorial.domain.PurchaseOrder
        */insert 
    into
        purchase_orders (created_at, customer_id, status, id) 
    values
        (?, ?, ?, default)
2026-05-02T23:01:27.446+02:00 TRACE 26692 --- [hibernate-tutorial] [           main] org.hibernate.orm.jdbc.bind              : binding parameter (1:TIMESTAMP_UTC) <- [2026-05-01T21:01:27.415523100Z]
2026-05-02T23:01:27.446+02:00 TRACE 26692 --- [hibernate-tutorial] [           main] org.hibernate.orm.jdbc.bind              : binding parameter (2:BIGINT) <- [3]
2026-05-02T23:01:27.446+02:00 TRACE 26692 --- [hibernate-tutorial] [           main] org.hibernate.orm.jdbc.bind              : binding parameter (3:ENUM) <- [CREATED]
2026-05-02T23:01:27.449+02:00 DEBUG 26692 --- [hibernate-tutorial] [           main] org.hibernate.SQL                        : 
    /* insert 
    for
        com.example.hibernatetutorial.domain.OrderLine
        */insert 
    into
        order_lines (order_id, product_id, quantity, unit_price_snapshot, id) 
    values
        (?, ?, ?, ?, default)
2026-05-02T23:01:27.449+02:00 TRACE 26692 --- [hibernate-tutorial] [           main] org.hibernate.orm.jdbc.bind              : binding parameter (1:BIGINT) <- [3]
2026-05-02T23:01:27.449+02:00 TRACE 26692 --- [hibernate-tutorial] [           main] org.hibernate.orm.jdbc.bind              : binding parameter (2:BIGINT) <- [4]
2026-05-02T23:01:27.449+02:00 TRACE 26692 --- [hibernate-tutorial] [           main] org.hibernate.orm.jdbc.bind              : binding parameter (3:INTEGER) <- [2]
2026-05-02T23:01:27.449+02:00 TRACE 26692 --- [hibernate-tutorial] [           main] org.hibernate.orm.jdbc.bind              : binding parameter (4:NUMERIC) <- [119.90]
2026-05-02T23:01:27.449+02:00 DEBUG 26692 --- [hibernate-tutorial] [           main] org.hibernate.SQL                        : 
    /* insert 
    for
        com.example.hibernatetutorial.domain.OrderLine
        */insert 
    into
        order_lines (order_id, product_id, quantity, unit_price_snapshot, id) 
    values
        (?, ?, ?, ?, default)
2026-05-02T23:01:27.449+02:00 TRACE 26692 --- [hibernate-tutorial] [           main] org.hibernate.orm.jdbc.bind              : binding parameter (1:BIGINT) <- [3]
2026-05-02T23:01:27.449+02:00 TRACE 26692 --- [hibernate-tutorial] [           main] org.hibernate.orm.jdbc.bind              : binding parameter (2:BIGINT) <- [5]
2026-05-02T23:01:27.449+02:00 TRACE 26692 --- [hibernate-tutorial] [           main] org.hibernate.orm.jdbc.bind              : binding parameter (3:INTEGER) <- [1]
2026-05-02T23:01:27.449+02:00 TRACE 26692 --- [hibernate-tutorial] [           main] org.hibernate.orm.jdbc.bind              : binding parameter (4:NUMERIC) <- [49.90]
2026-05-02T23:01:27.449+02:00 DEBUG 26692 --- [hibernate-tutorial] [           main] org.hibernate.SQL                        : 
    /* insert 
    for
        com.example.hibernatetutorial.domain.OrderLine
        */insert 
    into
        order_lines (order_id, product_id, quantity, unit_price_snapshot, id) 
    values
        (?, ?, ?, ?, default)
2026-05-02T23:01:27.449+02:00 TRACE 26692 --- [hibernate-tutorial] [           main] org.hibernate.orm.jdbc.bind              : binding parameter (1:BIGINT) <- [3]
2026-05-02T23:01:27.449+02:00 TRACE 26692 --- [hibernate-tutorial] [           main] org.hibernate.orm.jdbc.bind              : binding parameter (2:BIGINT) <- [3]
2026-05-02T23:01:27.449+02:00 TRACE 26692 --- [hibernate-tutorial] [           main] org.hibernate.orm.jdbc.bind              : binding parameter (3:INTEGER) <- [1]
2026-05-02T23:01:27.449+02:00 TRACE 26692 --- [hibernate-tutorial] [           main] org.hibernate.orm.jdbc.bind              : binding parameter (4:NUMERIC) <- [149.90]
2026-05-02T23:01:27.466+02:00 DEBUG 26692 --- [hibernate-tutorial] [           main] org.hibernate.SQL                        : 
    /* update
        
    for
        com.example.hibernatetutorial.domain.Product */update products 
    set
        name=?,
        price=?,
        sku=?,
        stock_quantity=? 
    where
        id=?
2026-05-02T23:01:27.471+02:00 TRACE 26692 --- [hibernate-tutorial] [           main] org.hibernate.orm.jdbc.bind              : binding parameter (1:VARCHAR) <- [Ultrabook 14 pouces]
2026-05-02T23:01:27.471+02:00 TRACE 26692 --- [hibernate-tutorial] [           main] org.hibernate.orm.jdbc.bind              : binding parameter (2:NUMERIC) <- [1299.00]
2026-05-02T23:01:27.471+02:00 TRACE 26692 --- [hibernate-tutorial] [           main] org.hibernate.orm.jdbc.bind              : binding parameter (3:VARCHAR) <- [SKU-LAPTOP-PRO]
2026-05-02T23:01:27.471+02:00 TRACE 26692 --- [hibernate-tutorial] [           main] org.hibernate.orm.jdbc.bind              : binding parameter (4:INTEGER) <- [24]
2026-05-02T23:01:27.471+02:00 TRACE 26692 --- [hibernate-tutorial] [           main] org.hibernate.orm.jdbc.bind              : binding parameter (5:BIGINT) <- [1]
2026-05-02T23:01:27.471+02:00 DEBUG 26692 --- [hibernate-tutorial] [           main] org.hibernate.SQL                        : 
    /* update
        
    for
        com.example.hibernatetutorial.domain.Product */update products 
    set
        name=?,
        price=?,
        sku=?,
        stock_quantity=? 
    where
        id=?
2026-05-02T23:01:27.471+02:00 TRACE 26692 --- [hibernate-tutorial] [           main] org.hibernate.orm.jdbc.bind              : binding parameter (1:VARCHAR) <- [Smartphone Plus]
2026-05-02T23:01:27.471+02:00 TRACE 26692 --- [hibernate-tutorial] [           main] org.hibernate.orm.jdbc.bind              : binding parameter (2:NUMERIC) <- [899.00]
2026-05-02T23:01:27.471+02:00 TRACE 26692 --- [hibernate-tutorial] [           main] org.hibernate.orm.jdbc.bind              : binding parameter (3:VARCHAR) <- [SKU-PHONE-PLUS]
2026-05-02T23:01:27.471+02:00 TRACE 26692 --- [hibernate-tutorial] [           main] org.hibernate.orm.jdbc.bind              : binding parameter (4:INTEGER) <- [39]
2026-05-02T23:01:27.471+02:00 TRACE 26692 --- [hibernate-tutorial] [           main] org.hibernate.orm.jdbc.bind              : binding parameter (5:BIGINT) <- [2]
2026-05-02T23:01:27.471+02:00 DEBUG 26692 --- [hibernate-tutorial] [           main] org.hibernate.SQL                        : 
    /* update
        
    for
        com.example.hibernatetutorial.domain.Product */update products 
    set
        name=?,
        price=?,
        sku=?,
        stock_quantity=? 
    where
        id=?
2026-05-02T23:01:27.471+02:00 TRACE 26692 --- [hibernate-tutorial] [           main] org.hibernate.orm.jdbc.bind              : binding parameter (1:VARCHAR) <- [Casque Bluetooth]
2026-05-02T23:01:27.471+02:00 TRACE 26692 --- [hibernate-tutorial] [           main] org.hibernate.orm.jdbc.bind              : binding parameter (2:NUMERIC) <- [149.90]
2026-05-02T23:01:27.471+02:00 TRACE 26692 --- [hibernate-tutorial] [           main] org.hibernate.orm.jdbc.bind              : binding parameter (3:VARCHAR) <- [SKU-HEADSET-BT]
2026-05-02T23:01:27.471+02:00 TRACE 26692 --- [hibernate-tutorial] [           main] org.hibernate.orm.jdbc.bind              : binding parameter (4:INTEGER) <- [77]
2026-05-02T23:01:27.471+02:00 TRACE 26692 --- [hibernate-tutorial] [           main] org.hibernate.orm.jdbc.bind              : binding parameter (5:BIGINT) <- [3]
2026-05-02T23:01:27.471+02:00 DEBUG 26692 --- [hibernate-tutorial] [           main] org.hibernate.SQL                        : 
    /* update
        
    for
        com.example.hibernatetutorial.domain.Product */update products 
    set
        name=?,
        price=?,
        sku=?,
        stock_quantity=? 
    where
        id=?
2026-05-02T23:01:27.471+02:00 TRACE 26692 --- [hibernate-tutorial] [           main] org.hibernate.orm.jdbc.bind              : binding parameter (1:VARCHAR) <- [Clavier mecanique]
2026-05-02T23:01:27.471+02:00 TRACE 26692 --- [hibernate-tutorial] [           main] org.hibernate.orm.jdbc.bind              : binding parameter (2:NUMERIC) <- [119.90]
2026-05-02T23:01:27.471+02:00 TRACE 26692 --- [hibernate-tutorial] [           main] org.hibernate.orm.jdbc.bind              : binding parameter (3:VARCHAR) <- [SKU-KEYBOARD-MECH]
2026-05-02T23:01:27.471+02:00 TRACE 26692 --- [hibernate-tutorial] [           main] org.hibernate.orm.jdbc.bind              : binding parameter (4:INTEGER) <- [53]
2026-05-02T23:01:27.471+02:00 TRACE 26692 --- [hibernate-tutorial] [           main] org.hibernate.orm.jdbc.bind              : binding parameter (5:BIGINT) <- [4]
2026-05-02T23:01:27.481+02:00 DEBUG 26692 --- [hibernate-tutorial] [           main] org.hibernate.SQL                        : 
    /* update
        
    for
        com.example.hibernatetutorial.domain.Product */update products 
    set
        name=?,
        price=?,
        sku=?,
        stock_quantity=? 
    where
        id=?
2026-05-02T23:01:27.481+02:00 TRACE 26692 --- [hibernate-tutorial] [           main] org.hibernate.orm.jdbc.bind              : binding parameter (1:VARCHAR) <- [Souris sans fil]
2026-05-02T23:01:27.481+02:00 TRACE 26692 --- [hibernate-tutorial] [           main] org.hibernate.orm.jdbc.bind              : binding parameter (2:NUMERIC) <- [49.90]
2026-05-02T23:01:27.481+02:00 TRACE 26692 --- [hibernate-tutorial] [           main] org.hibernate.orm.jdbc.bind              : binding parameter (3:VARCHAR) <- [SKU-MOUSE-WIRELESS]
2026-05-02T23:01:27.481+02:00 TRACE 26692 --- [hibernate-tutorial] [           main] org.hibernate.orm.jdbc.bind              : binding parameter (4:INTEGER) <- [117]
2026-05-02T23:01:27.481+02:00 TRACE 26692 --- [hibernate-tutorial] [           main] org.hibernate.orm.jdbc.bind              : binding parameter (5:BIGINT) <- [5]

================================================================================
0a. Repository findById: le deuxieme acces par id ne refait pas de SELECT
================================================================================
2026-05-02T23:01:27.527+02:00 DEBUG 26692 --- [hibernate-tutorial] [           main] org.hibernate.SQL                        : 
    /* select
        p.id 
    from
        Product p 
    where
        p.sku = :sku */ select
            p1_0.id 
        from
            products p1_0 
        where
            p1_0.sku=?
2026-05-02T23:01:27.528+02:00 TRACE 26692 --- [hibernate-tutorial] [           main] org.hibernate.orm.jdbc.bind              : binding parameter (1:VARCHAR) <- [SKU-LAPTOP-PRO]
2026-05-02T23:01:27.537+02:00 DEBUG 26692 --- [hibernate-tutorial] [           main] org.hibernate.SQL                        : 
    select
        p1_0.id,
        p1_0.name,
        p1_0.price,
        p1_0.sku,
        p1_0.stock_quantity 
    from
        products p1_0 
    where
        p1_0.id=?
2026-05-02T23:01:27.537+02:00 TRACE 26692 --- [hibernate-tutorial] [           main] org.hibernate.orm.jdbc.bind              : binding parameter (1:BIGINT) <- [1]
   Meme instance Java                               : true
   Nom via premiere instance                        : Ultrabook modifie via findById
   Nom via seconde instance                         : Ultrabook modifie via findById
 - Regardez les logs SQL: apres le SELECT par id initial, le deuxieme findById ne relit pas la ligne.
 - La transaction commit ensuite: le setter declenche un UPDATE par dirty checking.
2026-05-02T23:01:27.549+02:00 DEBUG 26692 --- [hibernate-tutorial] [           main] org.hibernate.SQL                        : 
    /* update
        
    for
        com.example.hibernatetutorial.domain.Product */update products 
    set
        name=?,
        price=?,
        sku=?,
        stock_quantity=? 
    where
        id=?
2026-05-02T23:01:27.549+02:00 TRACE 26692 --- [hibernate-tutorial] [           main] org.hibernate.orm.jdbc.bind              : binding parameter (1:VARCHAR) <- [Ultrabook modifie via findById]
2026-05-02T23:01:27.549+02:00 TRACE 26692 --- [hibernate-tutorial] [           main] org.hibernate.orm.jdbc.bind              : binding parameter (2:NUMERIC) <- [1299.00]
2026-05-02T23:01:27.549+02:00 TRACE 26692 --- [hibernate-tutorial] [           main] org.hibernate.orm.jdbc.bind              : binding parameter (3:VARCHAR) <- [SKU-LAPTOP-PRO]
2026-05-02T23:01:27.549+02:00 TRACE 26692 --- [hibernate-tutorial] [           main] org.hibernate.orm.jdbc.bind              : binding parameter (4:INTEGER) <- [24]
2026-05-02T23:01:27.549+02:00 TRACE 26692 --- [hibernate-tutorial] [           main] org.hibernate.orm.jdbc.bind              : binding parameter (5:BIGINT) <- [1]

================================================================================
0b. Repository findBySku: deux SELECT, mais une seule instance Java
================================================================================
2026-05-02T23:01:27.582+02:00 DEBUG 26692 --- [hibernate-tutorial] [           main] org.hibernate.SQL                        : 
    /* SELECT
        p 
    FROM
        Product p 
    WHERE
        p.sku = :sku */ select
            p1_0.id,
            p1_0.name,
            p1_0.price,
            p1_0.sku,
            p1_0.stock_quantity 
        from
            products p1_0 
        where
            p1_0.sku=?
2026-05-02T23:01:27.582+02:00 TRACE 26692 --- [hibernate-tutorial] [           main] org.hibernate.orm.jdbc.bind              : binding parameter (1:VARCHAR) <- [SKU-LAPTOP-PRO]
2026-05-02T23:01:27.582+02:00 DEBUG 26692 --- [hibernate-tutorial] [           main] org.hibernate.SQL                        : 
    /* SELECT
        p 
    FROM
        Product p 
    WHERE
        p.sku = :sku */ select
            p1_0.id,
            p1_0.name,
            p1_0.price,
            p1_0.sku,
            p1_0.stock_quantity 
        from
            products p1_0 
        where
            p1_0.sku=?
2026-05-02T23:01:27.582+02:00 TRACE 26692 --- [hibernate-tutorial] [           main] org.hibernate.orm.jdbc.bind              : binding parameter (1:VARCHAR) <- [SKU-LAPTOP-PRO]
   Meme instance Java                               : true
   Nom via premiere instance                        : Ultrabook renomme dans le cache
   Nom via seconde instance                         : Ultrabook renomme dans le cache
 - A ce stade, aucun save(...) n'est necessaire pour que les deux references voient la meme valeur.
 - La transaction va commit: regardez les logs SQL, Hibernate fera un UPDATE a la fin de la methode.
2026-05-02T23:01:27.592+02:00 DEBUG 26692 --- [hibernate-tutorial] [           main] org.hibernate.SQL                        : 
    /* update
        
    for
        com.example.hibernatetutorial.domain.Product */update products 
    set
        name=?,
        price=?,
        sku=?,
        stock_quantity=? 
    where
        id=?
2026-05-02T23:01:27.592+02:00 TRACE 26692 --- [hibernate-tutorial] [           main] org.hibernate.orm.jdbc.bind              : binding parameter (1:VARCHAR) <- [Ultrabook renomme dans le cache]
2026-05-02T23:01:27.592+02:00 TRACE 26692 --- [hibernate-tutorial] [           main] org.hibernate.orm.jdbc.bind              : binding parameter (2:NUMERIC) <- [1299.00]
2026-05-02T23:01:27.592+02:00 TRACE 26692 --- [hibernate-tutorial] [           main] org.hibernate.orm.jdbc.bind              : binding parameter (3:VARCHAR) <- [SKU-LAPTOP-PRO]
2026-05-02T23:01:27.592+02:00 TRACE 26692 --- [hibernate-tutorial] [           main] org.hibernate.orm.jdbc.bind              : binding parameter (4:INTEGER) <- [24]
2026-05-02T23:01:27.592+02:00 TRACE 26692 --- [hibernate-tutorial] [           main] org.hibernate.orm.jdbc.bind              : binding parameter (5:BIGINT) <- [1]

================================================================================
1. Cache de premier niveau: une identite Java par entite dans une transaction
================================================================================
2026-05-02T23:01:27.592+02:00 DEBUG 26692 --- [hibernate-tutorial] [           main] org.hibernate.SQL                        : 
    /* select
        p.id 
    from
        Product p 
    where
        p.sku = :sku */ select
            p1_0.id 
        from
            products p1_0 
        where
            p1_0.sku=?
2026-05-02T23:01:27.592+02:00 TRACE 26692 --- [hibernate-tutorial] [           main] org.hibernate.orm.jdbc.bind              : binding parameter (1:VARCHAR) <- [SKU-LAPTOP-PRO]
2026-05-02T23:01:27.592+02:00 DEBUG 26692 --- [hibernate-tutorial] [           main] org.hibernate.SQL                        : 
    select
        p1_0.id,
        p1_0.name,
        p1_0.price,
        p1_0.sku,
        p1_0.stock_quantity 
    from
        products p1_0 
    where
        p1_0.id=?
2026-05-02T23:01:27.592+02:00 TRACE 26692 --- [hibernate-tutorial] [           main] org.hibernate.orm.jdbc.bind              : binding parameter (1:BIGINT) <- [1]
   Meme instance Java avant clear()                 : true
   EntityManager contient l'entite                  : true
   Prix lu depuis firstLoad apres setter            : 777.77
   Prix lu depuis secondLoad                        : 777.77
2026-05-02T23:01:27.600+02:00 DEBUG 26692 --- [hibernate-tutorial] [           main] org.hibernate.SQL                        : 
    select
        p1_0.id,
        p1_0.name,
        p1_0.price,
        p1_0.sku,
        p1_0.stock_quantity 
    from
        products p1_0 
    where
        p1_0.id=?
2026-05-02T23:01:27.600+02:00 TRACE 26692 --- [hibernate-tutorial] [           main] org.hibernate.orm.jdbc.bind              : binding parameter (1:BIGINT) <- [1]
   Meme instance Java apres clear()                 : false
   Produit recharge                                 : SKU-LAPTOP-PRO - Ultrabook renomme dans le cache (1299.00 EUR)
 - La transaction est rollback-only pour que ce setter reste une demonstration sans effet durable.

================================================================================
2a. Sans transaction de service: modification d'une entite detachee
================================================================================
2026-05-02T23:01:27.628+02:00 DEBUG 26692 --- [hibernate-tutorial] [           main] org.hibernate.SQL                        : 
    /* SELECT
        p 
    FROM
        Product p 
    WHERE
        p.sku = :sku */ select
            p1_0.id,
            p1_0.name,
            p1_0.price,
            p1_0.sku,
            p1_0.stock_quantity 
        from
            products p1_0 
        where
            p1_0.sku=?
2026-05-02T23:01:27.628+02:00 TRACE 26692 --- [hibernate-tutorial] [           main] org.hibernate.orm.jdbc.bind              : binding parameter (1:VARCHAR) <- [SKU-HEADSET-BT]
2026-05-02T23:01:27.630+02:00 DEBUG 26692 --- [hibernate-tutorial] [           main] org.hibernate.SQL                        : 
    /* SELECT
        p 
    FROM
        Product p 
    WHERE
        p.sku = :sku */ select
            p1_0.id,
            p1_0.name,
            p1_0.price,
            p1_0.sku,
            p1_0.stock_quantity 
        from
            products p1_0 
        where
            p1_0.sku=?
2026-05-02T23:01:27.630+02:00 TRACE 26692 --- [hibernate-tutorial] [           main] org.hibernate.orm.jdbc.bind              : binding parameter (1:VARCHAR) <- [SKU-HEADSET-BT]
 - Le changement local n'est pas persiste, car aucun Persistence Context n'est actif autour du use case.
   Prix modifie en memoire                          : 1.00
   Prix relu en base                                : 149.90
   Prix initial conserve                            : true

================================================================================
2b. Transaction read-only: setter + save explicite ne modifient pas la base
================================================================================
2026-05-02T23:01:27.634+02:00 DEBUG 26692 --- [hibernate-tutorial] [           main] org.hibernate.SQL                        : 
    /* SELECT
        p 
    FROM
        Product p 
    WHERE
        p.sku = :sku */ select
            p1_0.id,
            p1_0.name,
            p1_0.price,
            p1_0.sku,
            p1_0.stock_quantity 
        from
            products p1_0 
        where
            p1_0.sku=?
2026-05-02T23:01:27.634+02:00 TRACE 26692 --- [hibernate-tutorial] [           main] org.hibernate.orm.jdbc.bind              : binding parameter (1:VARCHAR) <- [SKU-KEYBOARD-MECH]
   Transaction Spring read-only                     : true
   Transaction Hibernate read-only                  : true
   Flush mode Hibernate                             : MANUAL
   Meme instance apres save(...)                    : true
   Prix initial                                     : 119.90
   Prix modifie en memoire                          : 129.90
 - Regardez les logs SQL: aucun UPDATE du clavier n'est attendu au commit de cette transaction read-only.
2026-05-02T23:01:27.639+02:00 DEBUG 26692 --- [hibernate-tutorial] [           main] org.hibernate.SQL                        : 
    /* SELECT
        p 
    FROM
        Product p 
    WHERE
        p.sku = :sku */ select
            p1_0.id,
            p1_0.name,
            p1_0.price,
            p1_0.sku,
            p1_0.stock_quantity 
        from
            products p1_0 
        where
            p1_0.sku=?
2026-05-02T23:01:27.639+02:00 TRACE 26692 --- [hibernate-tutorial] [           main] org.hibernate.orm.jdbc.bind              : binding parameter (1:VARCHAR) <- [SKU-KEYBOARD-MECH]
   Prix relu apres transaction read-only            : 119.90

================================================================================
2c. Self-invocation: appeler une methode @Transactional de la meme classe ne passe pas par le proxy
================================================================================
2026-05-02T23:01:27.639+02:00 DEBUG 26692 --- [hibernate-tutorial] [           main] org.hibernate.SQL                        : 
    /* SELECT
        p 
    FROM
        Product p 
    WHERE
        p.sku = :sku */ select
            p1_0.id,
            p1_0.name,
            p1_0.price,
            p1_0.sku,
            p1_0.stock_quantity 
        from
            products p1_0 
        where
            p1_0.sku=?
2026-05-02T23:01:27.639+02:00 TRACE 26692 --- [hibernate-tutorial] [           main] org.hibernate.orm.jdbc.bind              : binding parameter (1:VARCHAR) <- [SKU-HEADSET-BT]
   Transaction active dans la methode annotee       : false
2026-05-02T23:01:27.647+02:00 DEBUG 26692 --- [hibernate-tutorial] [           main] org.hibernate.SQL                        : 
    /* SELECT
        p 
    FROM
        Product p 
    WHERE
        p.sku = :sku */ select
            p1_0.id,
            p1_0.name,
            p1_0.price,
            p1_0.sku,
            p1_0.stock_quantity 
        from
            products p1_0 
        where
            p1_0.sku=?
2026-05-02T23:01:27.648+02:00 TRACE 26692 --- [hibernate-tutorial] [           main] org.hibernate.orm.jdbc.bind              : binding parameter (1:VARCHAR) <- [SKU-HEADSET-BT]
   Prix modifie en memoire dans la methode annotee  : 2.00
2026-05-02T23:01:27.648+02:00 DEBUG 26692 --- [hibernate-tutorial] [           main] org.hibernate.SQL                        : 
    /* SELECT
        p 
    FROM
        Product p 
    WHERE
        p.sku = :sku */ select
            p1_0.id,
            p1_0.name,
            p1_0.price,
            p1_0.sku,
            p1_0.stock_quantity 
        from
            products p1_0 
        where
            p1_0.sku=?
2026-05-02T23:01:27.650+02:00 TRACE 26692 --- [hibernate-tutorial] [           main] org.hibernate.orm.jdbc.bind              : binding parameter (1:VARCHAR) <- [SKU-HEADSET-BT]
   Prix avant self-invocation                       : 149.90
   Prix apres self-invocation                       : 149.90
   Modification persistee                           : false
 - Conclusion: l'annotation @Transactional n'a pas ete appliquee, car l'appel n'est pas passe par le proxy Spring.

================================================================================
2d. Transaction et LAZY loading: acces hors transaction
================================================================================
2026-05-02T23:01:27.676+02:00 DEBUG 26692 --- [hibernate-tutorial] [           main] org.hibernate.SQL                        : 
    /* SELECT
        p 
    FROM
        PurchaseOrder p 
    ORDER BY
        p.id asc */ select
            po1_0.id,
            po1_0.created_at,
            po1_0.customer_id,
            po1_0.status 
        from
            purchase_orders po1_0 
        order by
            po1_0.id 
        fetch
            first ? rows only
2026-05-02T23:01:27.676+02:00 TRACE 26692 --- [hibernate-tutorial] [           main] org.hibernate.orm.jdbc.bind              : binding parameter (1:INTEGER) <- [1]
 - LazyInitializationException attendue: la collection LAZY est accedee apres fermeture de la transaction du repository.
   Message Hibernate                                : Cannot lazily initialize collection of role 'com.example.hibernatetutorial.domain.PurchaseOrder.lines' with key '1' (no session)

================================================================================
2e. Transaction et LAZY loading: acces dans une transaction read-only
================================================================================
2026-05-02T23:01:27.690+02:00 DEBUG 26692 --- [hibernate-tutorial] [           main] org.hibernate.SQL                        : 
    /* SELECT
        p 
    FROM
        PurchaseOrder p 
    ORDER BY
        p.id asc */ select
            po1_0.id,
            po1_0.created_at,
            po1_0.customer_id,
            po1_0.status 
        from
            purchase_orders po1_0 
        order by
            po1_0.id 
        fetch
            first ? rows only
2026-05-02T23:01:27.690+02:00 TRACE 26692 --- [hibernate-tutorial] [           main] org.hibernate.orm.jdbc.bind              : binding parameter (1:INTEGER) <- [1]
2026-05-02T23:01:27.695+02:00 DEBUG 26692 --- [hibernate-tutorial] [           main] org.hibernate.SQL                        : 
    select
        l1_0.order_id,
        l1_0.id,
        l1_0.product_id,
        l1_0.quantity,
        l1_0.unit_price_snapshot 
    from
        order_lines l1_0 
    where
        l1_0.order_id=?
2026-05-02T23:01:27.695+02:00 TRACE 26692 --- [hibernate-tutorial] [           main] org.hibernate.orm.jdbc.bind              : binding parameter (1:BIGINT) <- [1]
   Nombre de lignes commande                        : 2
   Montant total                                    : 1398.80

================================================================================
3. Projection DTO dans une transaction read-only
================================================================================
   Transaction Hibernate read-only                  : true
   Flush mode Hibernate                             : MANUAL
2026-05-02T23:01:27.714+02:00 DEBUG 26692 --- [hibernate-tutorial] [           main] org.hibernate.SQL                        : 
    /* select
        new com.example.hibernatetutorial.dto.ProductSalesDto(p.sku, p.name, sum(l.quantity), sum(l.unitPriceSnapshot * l.quantity)) 
    from
        OrderLine l 
    join
        l.product p 
    group by
        p.sku,
        p.name 
    order by
        sum(l.quantity) desc */ select
            p1_0.sku,
            p1_0.name,
            sum(ol1_0.quantity),
            sum((ol1_0.unit_price_snapshot*ol1_0.quantity)) 
        from
            order_lines ol1_0 
        join
            products p1_0 
                on p1_0.id=ol1_0.product_id 
        group by
            p1_0.sku,
            p1_0.name 
        order by
            sum(ol1_0.quantity) desc
   SKU-HEADSET-BT                                   : 3 ventes, CA 449.70 EUR
   SKU-MOUSE-WIRELESS                               : 3 ventes, CA 149.70 EUR
   SKU-KEYBOARD-MECH                                : 2 ventes, CA 239.80 EUR
   SKU-LAPTOP-PRO                                   : 1 ventes, CA 1299.00 EUR
   SKU-PHONE-PLUS                                   : 1 ventes, CA 899.00 EUR

================================================================================
4a. Flush AUTO: une requete JPQL peut declencher un UPDATE avant son SELECT
================================================================================
2026-05-02T23:01:27.722+02:00 DEBUG 26692 --- [hibernate-tutorial] [           main] org.hibernate.SQL                        : 
    /* SELECT
        p 
    FROM
        Product p 
    WHERE
        p.sku = :sku */ select
            p1_0.id,
            p1_0.name,
            p1_0.price,
            p1_0.sku,
            p1_0.stock_quantity 
        from
            products p1_0 
        where
            p1_0.sku=?
2026-05-02T23:01:27.722+02:00 TRACE 26692 --- [hibernate-tutorial] [           main] org.hibernate.orm.jdbc.bind              : binding parameter (1:VARCHAR) <- [SKU-LAPTOP-PRO]
2026-05-02T23:01:27.726+02:00 DEBUG 26692 --- [hibernate-tutorial] [           main] org.hibernate.SQL                        : 
    /* update
        
    for
        com.example.hibernatetutorial.domain.Product */update products 
    set
        name=?,
        price=?,
        sku=?,
        stock_quantity=? 
    where
        id=?
2026-05-02T23:01:27.726+02:00 TRACE 26692 --- [hibernate-tutorial] [           main] org.hibernate.orm.jdbc.bind              : binding parameter (1:VARCHAR) <- [Ultrabook renomme dans le cache]
2026-05-02T23:01:27.726+02:00 TRACE 26692 --- [hibernate-tutorial] [           main] org.hibernate.orm.jdbc.bind              : binding parameter (2:NUMERIC) <- [1999.00]
2026-05-02T23:01:27.726+02:00 TRACE 26692 --- [hibernate-tutorial] [           main] org.hibernate.orm.jdbc.bind              : binding parameter (3:VARCHAR) <- [SKU-LAPTOP-PRO]
2026-05-02T23:01:27.726+02:00 TRACE 26692 --- [hibernate-tutorial] [           main] org.hibernate.orm.jdbc.bind              : binding parameter (4:INTEGER) <- [24]
2026-05-02T23:01:27.726+02:00 TRACE 26692 --- [hibernate-tutorial] [           main] org.hibernate.orm.jdbc.bind              : binding parameter (5:BIGINT) <- [1]
2026-05-02T23:01:27.731+02:00 DEBUG 26692 --- [hibernate-tutorial] [           main] org.hibernate.SQL                        : 
    /* select
        p 
    from
        Product p 
    where
        p.price >= :minimumPrice 
    order by
        p.price desc */ select
            p1_0.id,
            p1_0.name,
            p1_0.price,
            p1_0.sku,
            p1_0.stock_quantity 
        from
            products p1_0 
        where
            p1_0.price>=? 
        order by
            p1_0.price desc
2026-05-02T23:01:27.731+02:00 TRACE 26692 --- [hibernate-tutorial] [           main] org.hibernate.orm.jdbc.bind              : binding parameter (1:NUMERIC) <- [1500.00]
 - Regardez les logs SQL: l'UPDATE du laptop apparait avant le SELECT des produits chers.
   Laptop present dans le resultat                  : true
 - La transaction est marquee rollback-only pour garder les donnees initiales apres la demo.

================================================================================
4b. Flush COMMIT: une requete peut ne pas voir une modification en attente
================================================================================
2026-05-02T23:01:27.731+02:00 DEBUG 26692 --- [hibernate-tutorial] [           main] org.hibernate.SQL                        : 
    /* SELECT
        p 
    FROM
        Product p 
    WHERE
        p.sku = :sku */ select
            p1_0.id,
            p1_0.name,
            p1_0.price,
            p1_0.sku,
            p1_0.stock_quantity 
        from
            products p1_0 
        where
            p1_0.sku=?
2026-05-02T23:01:27.731+02:00 TRACE 26692 --- [hibernate-tutorial] [           main] org.hibernate.orm.jdbc.bind              : binding parameter (1:VARCHAR) <- [SKU-PHONE-PLUS]
2026-05-02T23:01:27.731+02:00 DEBUG 26692 --- [hibernate-tutorial] [           main] org.hibernate.SQL                        : 
    /* select
        p 
    from
        Product p 
    where
        p.price >= :minimumPrice 
    order by
        p.price desc */ select
            p1_0.id,
            p1_0.name,
            p1_0.price,
            p1_0.sku,
            p1_0.stock_quantity 
        from
            products p1_0 
        where
            p1_0.price>=? 
        order by
            p1_0.price desc
2026-05-02T23:01:27.736+02:00 TRACE 26692 --- [hibernate-tutorial] [           main] org.hibernate.orm.jdbc.bind              : binding parameter (1:NUMERIC) <- [1500.00]
 - Regardez les logs SQL: le SELECT part sans UPDATE prealable du smartphone.
   Smartphone present dans le resultat              : false
 - La transaction est rollback-only pour eviter de conserver ce prix fictif.

================================================================================
5. Isolation: READ_COMMITTED vs REPEATABLE_READ avec deux transactions
================================================================================
2026-05-02T23:01:27.739+02:00 DEBUG 26692 --- [hibernate-tutorial] [           main] org.hibernate.SQL                        : 
    /* select
        p.price 
    from
        Product p 
    where
        p.sku = :sku */ select
            p1_0.price 
        from
            products p1_0 
        where
            p1_0.sku=?
2026-05-02T23:01:27.739+02:00 TRACE 26692 --- [hibernate-tutorial] [           main] org.hibernate.orm.jdbc.bind              : binding parameter (1:VARCHAR) <- [SKU-MOUSE-WIRELESS]
 - Isolation READ_COMMITTED: transaction A lit, transaction B modifie et commit, transaction A relit.
2026-05-02T23:01:27.742+02:00 DEBUG 26692 --- [hibernate-tutorial] [           main] org.hibernate.SQL                        : 
    /* select
        p.price 
    from
        Product p 
    where
        p.sku = :sku */ select
            p1_0.price 
        from
            products p1_0 
        where
            p1_0.sku=?
2026-05-02T23:01:27.742+02:00 TRACE 26692 --- [hibernate-tutorial] [           main] org.hibernate.orm.jdbc.bind              : binding parameter (1:VARCHAR) <- [SKU-MOUSE-WIRELESS]
2026-05-02T23:01:27.759+02:00 DEBUG 26692 --- [hibernate-tutorial] [           main] org.hibernate.SQL                        : 
    /* update
        Product p 
    set
        p.price = :price 
    where
        p.sku = :sku */ update products p1_0 
    set
        price=? 
    where
        p1_0.sku=?
2026-05-02T23:01:27.759+02:00 TRACE 26692 --- [hibernate-tutorial] [           main] org.hibernate.orm.jdbc.bind              : binding parameter (1:NUMERIC) <- [59.90]
2026-05-02T23:01:27.759+02:00 TRACE 26692 --- [hibernate-tutorial] [           main] org.hibernate.orm.jdbc.bind              : binding parameter (2:VARCHAR) <- [SKU-MOUSE-WIRELESS]
2026-05-02T23:01:27.759+02:00 DEBUG 26692 --- [hibernate-tutorial] [           main] org.hibernate.SQL                        : 
    /* select
        p.price 
    from
        Product p 
    where
        p.sku = :sku */ select
            p1_0.price 
        from
            products p1_0 
        where
            p1_0.sku=?
2026-05-02T23:01:27.759+02:00 TRACE 26692 --- [hibernate-tutorial] [           main] org.hibernate.orm.jdbc.bind              : binding parameter (1:VARCHAR) <- [SKU-MOUSE-WIRELESS]
   READ_COMMITTED - premiere lecture                : 49.90
   READ_COMMITTED - lecture apres commit externe    : 59.90
   READ_COMMITTED - la transaction A voit le commit externe : true
2026-05-02T23:01:27.766+02:00 DEBUG 26692 --- [hibernate-tutorial] [           main] org.hibernate.SQL                        : 
    /* update
        Product p 
    set
        p.price = :price 
    where
        p.sku = :sku */ update products p1_0 
    set
        price=? 
    where
        p1_0.sku=?
2026-05-02T23:01:27.766+02:00 TRACE 26692 --- [hibernate-tutorial] [           main] org.hibernate.orm.jdbc.bind              : binding parameter (1:NUMERIC) <- [49.90]
2026-05-02T23:01:27.766+02:00 TRACE 26692 --- [hibernate-tutorial] [           main] org.hibernate.orm.jdbc.bind              : binding parameter (2:VARCHAR) <- [SKU-MOUSE-WIRELESS]
2026-05-02T23:01:27.766+02:00 DEBUG 26692 --- [hibernate-tutorial] [           main] org.hibernate.SQL                        : 
    /* select
        p.price 
    from
        Product p 
    where
        p.sku = :sku */ select
            p1_0.price 
        from
            products p1_0 
        where
            p1_0.sku=?
2026-05-02T23:01:27.766+02:00 TRACE 26692 --- [hibernate-tutorial] [           main] org.hibernate.orm.jdbc.bind              : binding parameter (1:VARCHAR) <- [SKU-MOUSE-WIRELESS]
 - Isolation REPEATABLE_READ: transaction A lit, transaction B modifie et commit, transaction A relit.
2026-05-02T23:01:27.766+02:00 DEBUG 26692 --- [hibernate-tutorial] [           main] org.hibernate.SQL                        : 
    /* select
        p.price 
    from
        Product p 
    where
        p.sku = :sku */ select
            p1_0.price 
        from
            products p1_0 
        where
            p1_0.sku=?
2026-05-02T23:01:27.766+02:00 TRACE 26692 --- [hibernate-tutorial] [           main] org.hibernate.orm.jdbc.bind              : binding parameter (1:VARCHAR) <- [SKU-MOUSE-WIRELESS]
2026-05-02T23:01:27.766+02:00 DEBUG 26692 --- [hibernate-tutorial] [           main] org.hibernate.SQL                        : 
    /* update
        Product p 
    set
        p.price = :price 
    where
        p.sku = :sku */ update products p1_0 
    set
        price=? 
    where
        p1_0.sku=?
2026-05-02T23:01:27.771+02:00 TRACE 26692 --- [hibernate-tutorial] [           main] org.hibernate.orm.jdbc.bind              : binding parameter (1:NUMERIC) <- [69.90]
2026-05-02T23:01:27.771+02:00 TRACE 26692 --- [hibernate-tutorial] [           main] org.hibernate.orm.jdbc.bind              : binding parameter (2:VARCHAR) <- [SKU-MOUSE-WIRELESS]
2026-05-02T23:01:27.771+02:00 DEBUG 26692 --- [hibernate-tutorial] [           main] org.hibernate.SQL                        : 
    /* select
        p.price 
    from
        Product p 
    where
        p.sku = :sku */ select
            p1_0.price 
        from
            products p1_0 
        where
            p1_0.sku=?
2026-05-02T23:01:27.771+02:00 TRACE 26692 --- [hibernate-tutorial] [           main] org.hibernate.orm.jdbc.bind              : binding parameter (1:VARCHAR) <- [SKU-MOUSE-WIRELESS]
   REPEATABLE_READ - premiere lecture               : 49.90
   REPEATABLE_READ - lecture apres commit externe   : 49.90
   REPEATABLE_READ - la transaction A voit le commit externe : false
2026-05-02T23:01:27.771+02:00 DEBUG 26692 --- [hibernate-tutorial] [           main] org.hibernate.SQL                        : 
    /* update
        Product p 
    set
        p.price = :price 
    where
        p.sku = :sku */ update products p1_0 
    set
        price=? 
    where
        p1_0.sku=?
2026-05-02T23:01:27.771+02:00 TRACE 26692 --- [hibernate-tutorial] [           main] org.hibernate.orm.jdbc.bind              : binding parameter (1:NUMERIC) <- [49.90]
2026-05-02T23:01:27.771+02:00 TRACE 26692 --- [hibernate-tutorial] [           main] org.hibernate.orm.jdbc.bind              : binding parameter (2:VARCHAR) <- [SKU-MOUSE-WIRELESS]

================================================================================
6. Isolation et cache de premier niveau: une entite managee peut masquer un commit externe
================================================================================
2026-05-02T23:01:27.771+02:00 DEBUG 26692 --- [hibernate-tutorial] [           main] org.hibernate.SQL                        : 
    /* select
        p.price 
    from
        Product p 
    where
        p.sku = :sku */ select
            p1_0.price 
        from
            products p1_0 
        where
            p1_0.sku=?
2026-05-02T23:01:27.771+02:00 TRACE 26692 --- [hibernate-tutorial] [           main] org.hibernate.orm.jdbc.bind              : binding parameter (1:VARCHAR) <- [SKU-PHONE-PLUS]
2026-05-02T23:01:27.818+02:00 DEBUG 26692 --- [hibernate-tutorial] [           main] org.hibernate.SQL                        : 
    /* select
        p 
    from
        Product p 
    where
        p.sku = :sku */ select
            p1_0.id,
            p1_0.name,
            p1_0.price,
            p1_0.sku,
            p1_0.stock_quantity 
        from
            products p1_0 
        where
            p1_0.sku=?
2026-05-02T23:01:27.819+02:00 TRACE 26692 --- [hibernate-tutorial] [           main] org.hibernate.orm.jdbc.bind              : binding parameter (1:VARCHAR) <- [SKU-PHONE-PLUS]
2026-05-02T23:01:27.823+02:00 DEBUG 26692 --- [hibernate-tutorial] [           main] org.hibernate.SQL                        : 
    /* update
        Product p 
    set
        p.price = :price 
    where
        p.sku = :sku */ update products p1_0 
    set
        price=? 
    where
        p1_0.sku=?
2026-05-02T23:01:27.823+02:00 TRACE 26692 --- [hibernate-tutorial] [           main] org.hibernate.orm.jdbc.bind              : binding parameter (1:NUMERIC) <- [999.00]
2026-05-02T23:01:27.823+02:00 TRACE 26692 --- [hibernate-tutorial] [           main] org.hibernate.orm.jdbc.bind              : binding parameter (2:VARCHAR) <- [SKU-PHONE-PLUS]
2026-05-02T23:01:27.823+02:00 DEBUG 26692 --- [hibernate-tutorial] [           main] org.hibernate.SQL                        : 
    /* select
        p 
    from
        Product p 
    where
        p.sku = :sku */ select
            p1_0.id,
            p1_0.name,
            p1_0.price,
            p1_0.sku,
            p1_0.stock_quantity 
        from
            products p1_0 
        where
            p1_0.sku=?
2026-05-02T23:01:27.825+02:00 TRACE 26692 --- [hibernate-tutorial] [           main] org.hibernate.orm.jdbc.bind              : binding parameter (1:VARCHAR) <- [SKU-PHONE-PLUS]
   Meme instance Java                               : true
   Prix vu sans clear()                             : 899.00
2026-05-02T23:01:27.826+02:00 DEBUG 26692 --- [hibernate-tutorial] [           main] org.hibernate.SQL                        : 
    /* select
        p 
    from
        Product p 
    where
        p.sku = :sku */ select
            p1_0.id,
            p1_0.name,
            p1_0.price,
            p1_0.sku,
            p1_0.stock_quantity 
        from
            products p1_0 
        where
            p1_0.sku=?
2026-05-02T23:01:27.826+02:00 TRACE 26692 --- [hibernate-tutorial] [           main] org.hibernate.orm.jdbc.bind              : binding parameter (1:VARCHAR) <- [SKU-PHONE-PLUS]
   Prix vu apres clear()                            : 999.00
 - En READ_COMMITTED, la base peut etre a jour, mais une entite deja managee reste l'instance de reference.
2026-05-02T23:01:27.829+02:00 DEBUG 26692 --- [hibernate-tutorial] [           main] org.hibernate.SQL                        : 
    /* update
        Product p 
    set
        p.price = :price 
    where
        p.sku = :sku */ update products p1_0 
    set
        price=? 
    where
        p1_0.sku=?
2026-05-02T23:01:27.829+02:00 TRACE 26692 --- [hibernate-tutorial] [           main] org.hibernate.orm.jdbc.bind              : binding parameter (1:NUMERIC) <- [899.00]
2026-05-02T23:01:27.829+02:00 TRACE 26692 --- [hibernate-tutorial] [           main] org.hibernate.orm.jdbc.bind              : binding parameter (2:VARCHAR) <- [SKU-PHONE-PLUS]

================================================================================
7. Propagation REQUIRED: l'appel interne participe a la transaction externe
================================================================================
2026-05-02T23:01:27.830+02:00 DEBUG 26692 --- [hibernate-tutorial] [           main] org.hibernate.SQL                        : 
    /* select
        p.price 
    from
        Product p 
    where
        p.sku = :sku */ select
            p1_0.price 
        from
            products p1_0 
        where
            p1_0.sku=?
2026-05-02T23:01:27.830+02:00 TRACE 26692 --- [hibernate-tutorial] [           main] org.hibernate.orm.jdbc.bind              : binding parameter (1:VARCHAR) <- [SKU-PHONE-PLUS]
2026-05-02T23:01:27.832+02:00 DEBUG 26692 --- [hibernate-tutorial] [           main] org.hibernate.SQL                        : 
    /* update
        Product p 
    set
        p.price = :price 
    where
        p.sku = :sku */ update products p1_0 
    set
        price=? 
    where
        p1_0.sku=?
2026-05-02T23:01:27.832+02:00 TRACE 26692 --- [hibernate-tutorial] [           main] org.hibernate.orm.jdbc.bind              : binding parameter (1:NUMERIC) <- [1500.00]
2026-05-02T23:01:27.832+02:00 TRACE 26692 --- [hibernate-tutorial] [           main] org.hibernate.orm.jdbc.bind              : binding parameter (2:VARCHAR) <- [SKU-PHONE-PLUS]
2026-05-02T23:01:27.832+02:00 DEBUG 26692 --- [hibernate-tutorial] [           main] org.hibernate.SQL                        : 
    /* select
        p.price 
    from
        Product p 
    where
        p.sku = :sku */ select
            p1_0.price 
        from
            products p1_0 
        where
            p1_0.sku=?
2026-05-02T23:01:27.832+02:00 TRACE 26692 --- [hibernate-tutorial] [           main] org.hibernate.orm.jdbc.bind              : binding parameter (1:VARCHAR) <- [SKU-PHONE-PLUS]
   Prix dans la transaction externe                 : 1500.00
2026-05-02T23:01:27.836+02:00 DEBUG 26692 --- [hibernate-tutorial] [           main] org.hibernate.SQL                        : 
    /* update
        Product p 
    set
        p.price = :price 
    where
        p.sku = :sku */ update products p1_0 
    set
        price=? 
    where
        p1_0.sku=?
2026-05-02T23:01:27.836+02:00 TRACE 26692 --- [hibernate-tutorial] [           main] org.hibernate.orm.jdbc.bind              : binding parameter (1:NUMERIC) <- [1600.00]
2026-05-02T23:01:27.838+02:00 TRACE 26692 --- [hibernate-tutorial] [           main] org.hibernate.orm.jdbc.bind              : binding parameter (2:VARCHAR) <- [SKU-PHONE-PLUS]
2026-05-02T23:01:27.839+02:00 DEBUG 26692 --- [hibernate-tutorial] [           main] org.hibernate.SQL                        : 
    /* select
        p.price 
    from
        Product p 
    where
        p.sku = :sku */ select
            p1_0.price 
        from
            products p1_0 
        where
            p1_0.sku=?
2026-05-02T23:01:27.840+02:00 TRACE 26692 --- [hibernate-tutorial] [           main] org.hibernate.orm.jdbc.bind              : binding parameter (1:VARCHAR) <- [SKU-PHONE-PLUS]
   Prix dans l'appel interne REQUIRED               : 1600.00
 - Le code externe continue, mais la transaction commune est rollback-only.
   Exception au commit                              : UnexpectedRollbackException
2026-05-02T23:01:27.842+02:00 DEBUG 26692 --- [hibernate-tutorial] [           main] org.hibernate.SQL                        : 
    /* select
        p.price 
    from
        Product p 
    where
        p.sku = :sku */ select
            p1_0.price 
        from
            products p1_0 
        where
            p1_0.sku=?
2026-05-02T23:01:27.845+02:00 TRACE 26692 --- [hibernate-tutorial] [           main] org.hibernate.orm.jdbc.bind              : binding parameter (1:VARCHAR) <- [SKU-PHONE-PLUS]
   Prix apres rollback REQUIRED                     : 899.00
   Prix initial conserve                            : true

================================================================================
8. Propagation REQUIRES_NEW: l'appel interne commit meme si l'externe rollback
================================================================================
2026-05-02T23:01:27.849+02:00 DEBUG 26692 --- [hibernate-tutorial] [           main] org.hibernate.SQL                        : 
    /* select
        p.price 
    from
        Product p 
    where
        p.sku = :sku */ select
            p1_0.price 
        from
            products p1_0 
        where
            p1_0.sku=?
2026-05-02T23:01:27.849+02:00 TRACE 26692 --- [hibernate-tutorial] [           main] org.hibernate.orm.jdbc.bind              : binding parameter (1:VARCHAR) <- [SKU-PHONE-PLUS]
2026-05-02T23:01:27.849+02:00 DEBUG 26692 --- [hibernate-tutorial] [           main] org.hibernate.SQL                        : 
    /* select
        p.price 
    from
        Product p 
    where
        p.sku = :sku */ select
            p1_0.price 
        from
            products p1_0 
        where
            p1_0.sku=?
2026-05-02T23:01:27.849+02:00 TRACE 26692 --- [hibernate-tutorial] [           main] org.hibernate.orm.jdbc.bind              : binding parameter (1:VARCHAR) <- [SKU-HEADSET-BT]
2026-05-02T23:01:27.858+02:00 DEBUG 26692 --- [hibernate-tutorial] [           main] org.hibernate.SQL                        : 
    /* update
        Product p 
    set
        p.price = :price 
    where
        p.sku = :sku */ update products p1_0 
    set
        price=? 
    where
        p1_0.sku=?
2026-05-02T23:01:27.858+02:00 TRACE 26692 --- [hibernate-tutorial] [           main] org.hibernate.orm.jdbc.bind              : binding parameter (1:NUMERIC) <- [1700.00]
2026-05-02T23:01:27.858+02:00 TRACE 26692 --- [hibernate-tutorial] [           main] org.hibernate.orm.jdbc.bind              : binding parameter (2:VARCHAR) <- [SKU-PHONE-PLUS]
2026-05-02T23:01:27.859+02:00 DEBUG 26692 --- [hibernate-tutorial] [           main] org.hibernate.SQL                        : 
    /* select
        p.price 
    from
        Product p 
    where
        p.sku = :sku */ select
            p1_0.price 
        from
            products p1_0 
        where
            p1_0.sku=?
2026-05-02T23:01:27.859+02:00 TRACE 26692 --- [hibernate-tutorial] [           main] org.hibernate.orm.jdbc.bind              : binding parameter (1:VARCHAR) <- [SKU-PHONE-PLUS]
   Prix smartphone dans transaction externe         : 1700.00
2026-05-02T23:01:27.862+02:00 DEBUG 26692 --- [hibernate-tutorial] [           main] org.hibernate.SQL                        : 
    /* update
        Product p 
    set
        p.price = :price 
    where
        p.sku = :sku */ update products p1_0 
    set
        price=? 
    where
        p1_0.sku=?
2026-05-02T23:01:27.862+02:00 TRACE 26692 --- [hibernate-tutorial] [           main] org.hibernate.orm.jdbc.bind              : binding parameter (1:NUMERIC) <- [80.00]
2026-05-02T23:01:27.862+02:00 TRACE 26692 --- [hibernate-tutorial] [           main] org.hibernate.orm.jdbc.bind              : binding parameter (2:VARCHAR) <- [SKU-HEADSET-BT]
2026-05-02T23:01:27.864+02:00 DEBUG 26692 --- [hibernate-tutorial] [           main] org.hibernate.SQL                        : 
    /* select
        p.price 
    from
        Product p 
    where
        p.sku = :sku */ select
            p1_0.price 
        from
            products p1_0 
        where
            p1_0.sku=?
2026-05-02T23:01:27.864+02:00 TRACE 26692 --- [hibernate-tutorial] [           main] org.hibernate.orm.jdbc.bind              : binding parameter (1:VARCHAR) <- [SKU-HEADSET-BT]
   Prix casque dans REQUIRES_NEW                    : 80.00
2026-05-02T23:01:27.864+02:00 DEBUG 26692 --- [hibernate-tutorial] [           main] org.hibernate.SQL                        : 
    /* select
        p.price 
    from
        Product p 
    where
        p.sku = :sku */ select
            p1_0.price 
        from
            products p1_0 
        where
            p1_0.sku=?
2026-05-02T23:01:27.866+02:00 TRACE 26692 --- [hibernate-tutorial] [           main] org.hibernate.orm.jdbc.bind              : binding parameter (1:VARCHAR) <- [SKU-PHONE-PLUS]
2026-05-02T23:01:27.866+02:00 DEBUG 26692 --- [hibernate-tutorial] [           main] org.hibernate.SQL                        : 
    /* select
        p.price 
    from
        Product p 
    where
        p.sku = :sku */ select
            p1_0.price 
        from
            products p1_0 
        where
            p1_0.sku=?
2026-05-02T23:01:27.866+02:00 TRACE 26692 --- [hibernate-tutorial] [           main] org.hibernate.orm.jdbc.bind              : binding parameter (1:VARCHAR) <- [SKU-HEADSET-BT]
   Smartphone apres rollback externe                : 899.00
   Casque apres commit REQUIRES_NEW                 : 80.00
2026-05-02T23:01:27.870+02:00 DEBUG 26692 --- [hibernate-tutorial] [           main] org.hibernate.SQL                        : 
    /* update
        Product p 
    set
        p.price = :price 
    where
        p.sku = :sku */ update products p1_0 
    set
        price=? 
    where
        p1_0.sku=?
2026-05-02T23:01:27.870+02:00 TRACE 26692 --- [hibernate-tutorial] [           main] org.hibernate.orm.jdbc.bind              : binding parameter (1:NUMERIC) <- [149.90]
2026-05-02T23:01:27.870+02:00 TRACE 26692 --- [hibernate-tutorial] [           main] org.hibernate.orm.jdbc.bind              : binding parameter (2:VARCHAR) <- [SKU-HEADSET-BT]
2026-05-02T23:01:27.872+02:00 DEBUG 26692 --- [hibernate-tutorial] [           main] org.hibernate.SQL                        : 
    /* update
        Product p 
    set
        p.price = :price 
    where
        p.sku = :sku */ update products p1_0 
    set
        price=? 
    where
        p1_0.sku=?
2026-05-02T23:01:27.872+02:00 TRACE 26692 --- [hibernate-tutorial] [           main] org.hibernate.orm.jdbc.bind              : binding parameter (1:NUMERIC) <- [899.00]
2026-05-02T23:01:27.872+02:00 TRACE 26692 --- [hibernate-tutorial] [           main] org.hibernate.orm.jdbc.bind              : binding parameter (2:VARCHAR) <- [SKU-PHONE-PLUS]
]]></system-out>
    <system-err><![CDATA[Mockito is currently self-attaching to enable the inline-mock-maker. This will no longer work in future releases of the JDK. Please add Mockito as an agent to your build as described in Mockito's documentation: https://javadoc.io/doc/org.mockito/mockito-core/latest/org.mockito/org/mockito/Mockito.html#0.3
WARNING: A Java agent has been loaded dynamically (C:\Users\drave\.m2\repository\net\bytebuddy\byte-buddy-agent\1.17.8\byte-buddy-agent-1.17.8.jar)
WARNING: If a serviceability tool is in use, please run with -XX:+EnableDynamicAgentLoading to hide this warning
WARNING: If a serviceability tool is not in use, please run with -Djdk.instrument.traceUsage for more information
WARNING: Dynamic loading of agents will be disallowed by default in a future release
]]></system-err>
  </testcase>
</testsuite>