<?xml version="1.0" encoding="UTF-8"?>
<testsuite xmlns:xsi="http://www.w3.org/2001/XMLSchema-instance" xsi:noNamespaceSchemaLocation="https://maven.apache.org/surefire/maven-surefire-plugin/xsd/surefire-test-report.xsd" version="3.0.2" name="com.example.hibernatetutorial.HibernateTutorialApplicationTests" time="11.595" tests="1" errors="0" skipped="0" failures="0" flakes="0">
  <properties>
[...]
</properties>
  <testcase name="contextLoads" classname="com.example.hibernatetutorial.HibernateTutorialApplicationTests" time="0.402">
    <system-out><![CDATA[21:59:55.646 [main] INFO org.springframework.test.context.support.AnnotationConfigContextLoaderUtils -- Could not detect default configuration classes for test class [com.example.hibernatetutorial.HibernateTutorialApplicationTests]: HibernateTutorialApplicationTests does not declare any static, non-private, non-final, nested classes annotated with @Configuration.
21:59:55.780 [main] INFO org.springframework.boot.test.context.SpringBootTestContextBootstrapper -- Found @SpringBootConfiguration com.example.hibernatetutorial.HibernateTutorialApplication for test class com.example.hibernatetutorial.HibernateTutorialApplicationTests
21:59:55.876 [main] INFO org.springframework.test.context.support.AnnotationConfigContextLoaderUtils -- Could not detect default configuration classes for test class [com.example.hibernatetutorial.HibernateTutorialApplicationTests]: HibernateTutorialApplicationTests does not declare any static, non-private, non-final, nested classes annotated with @Configuration.
21:59:55.876 [main] INFO org.springframework.boot.test.context.SpringBootTestContextBootstrapper -- Found @SpringBootConfiguration com.example.hibernatetutorial.HibernateTutorialApplication for test class com.example.hibernatetutorial.HibernateTutorialApplicationTests

  .   ____          _            __ _ _
 /\\ / ___'_ __ _ _(_)_ __  __ _ \ \ \ \
( ( )\___ | '_ | '_| | '_ \/ _` | \ \ \ \
 \\/  ___)| |_)| | | | | || (_| |  ) ) ) )
  '  |____| .__|_| |_|_| |_\__, | / / / /
 =========|_|==============|___/=/_/_/_/

 :: Spring Boot ::                (v4.0.6)

2026-05-06T21:59:56.342+02:00  INFO 27552 --- [hibernate-tutorial] [           main] c.e.h.HibernateTutorialApplicationTests  : Starting HibernateTutorialApplicationTests using Java 21.0.2 with PID 27552 (started by drave in C:\Users\drave\Documents\developpement\hibernate_tutorial)
2026-05-06T21:59:56.342+02:00  INFO 27552 --- [hibernate-tutorial] [           main] c.e.h.HibernateTutorialApplicationTests  : No active profile set, falling back to 1 default profile: "default"
2026-05-06T21:59:57.038+02:00  INFO 27552 --- [hibernate-tutorial] [           main] .s.d.r.c.RepositoryConfigurationDelegate : Bootstrapping Spring Data JPA repositories in DEFAULT mode.
2026-05-06T21:59:57.096+02:00  INFO 27552 --- [hibernate-tutorial] [           main] .s.d.r.c.RepositoryConfigurationDelegate : Finished Spring Data repository scanning in 49 ms. Found 3 JPA repository interfaces.
2026-05-06T21:59:58.205+02:00  INFO 27552 --- [hibernate-tutorial] [           main] org.hibernate.orm.jpa                    : HHH008540: Processing PersistenceUnitInfo [name: default]
2026-05-06T21:59:58.351+02:00  INFO 27552 --- [hibernate-tutorial] [           main] org.hibernate.orm.core                   : HHH000001: Hibernate ORM core version 7.2.12.Final
2026-05-06T21:59:59.888+02:00  INFO 27552 --- [hibernate-tutorial] [           main] o.s.o.j.p.SpringPersistenceUnitInfo      : No LoadTimeWeaver setup: ignoring JPA class transformer
2026-05-06T22:00:00.174+02:00  INFO 27552 --- [hibernate-tutorial] [           main] com.zaxxer.hikari.HikariDataSource       : HikariPool-1 - Starting...
2026-05-06T22:00:01.292+02:00  INFO 27552 --- [hibernate-tutorial] [           main] com.zaxxer.hikari.pool.HikariPool        : HikariPool-1 - Added connection conn0: url=jdbc:h2:mem:shop user=SA
2026-05-06T22:00:01.313+02:00  INFO 27552 --- [hibernate-tutorial] [           main] com.zaxxer.hikari.HikariDataSource       : HikariPool-1 - Start completed.
2026-05-06T22:00:01.671+02:00  INFO 27552 --- [hibernate-tutorial] [           main] org.hibernate.orm.connections.pooling    : HHH10001005: Database info:
	Database JDBC URL [jdbc:h2:mem:shop]
	Database driver: H2 JDBC Driver
	Database dialect: H2Dialect
	Database version: 2.4.240
	Default catalog/schema: SHOP/PUBLIC
	Autocommit mode: undefined/unknown
	Isolation level: READ_COMMITTED [default READ_COMMITTED]
	JDBC fetch size: 100
	Pool: DataSourceConnectionProvider
	Minimum pool size: undefined/unknown
	Maximum pool size: undefined/unknown
2026-05-06T22:00:04.283+02:00  INFO 27552 --- [hibernate-tutorial] [           main] org.hibernate.orm.core                   : HHH000489: No JTA platform available (set 'hibernate.transaction.jta.platform' to enable JTA platform integration)
2026-05-06T22:00:04.355+02:00 DEBUG 27552 --- [hibernate-tutorial] [           main] org.hibernate.SQL                        : 
    drop table if exists customers cascade 
2026-05-06T22:00:04.361+02:00 DEBUG 27552 --- [hibernate-tutorial] [           main] org.hibernate.SQL                        : 
    drop table if exists order_lines cascade 
2026-05-06T22:00:04.363+02:00 DEBUG 27552 --- [hibernate-tutorial] [           main] org.hibernate.SQL                        : 
    drop table if exists products cascade 
2026-05-06T22:00:04.363+02:00 DEBUG 27552 --- [hibernate-tutorial] [           main] org.hibernate.SQL                        : 
    drop table if exists purchase_orders cascade 
2026-05-06T22:00:04.382+02:00 DEBUG 27552 --- [hibernate-tutorial] [           main] org.hibernate.SQL                        : 
    create table customers (
        id bigint generated by default as identity,
        email varchar(255) not null unique,
        first_name varchar(255) not null,
        last_name varchar(255) not null,
        primary key (id)
    )
2026-05-06T22:00:04.398+02:00 DEBUG 27552 --- [hibernate-tutorial] [           main] org.hibernate.SQL                        : 
    create table order_lines (
        quantity integer not null,
        unit_price_snapshot numeric(10,2) not null,
        id bigint generated by default as identity,
        order_id bigint not null,
        product_id bigint not null,
        primary key (id)
    )
2026-05-06T22:00:04.402+02:00 DEBUG 27552 --- [hibernate-tutorial] [           main] org.hibernate.SQL                        : 
    create table products (
        price numeric(10,2) not null,
        stock_quantity integer not null,
        id bigint generated by default as identity,
        name varchar(255) not null,
        sku varchar(255) not null unique,
        primary key (id)
    )
2026-05-06T22:00:04.404+02:00 DEBUG 27552 --- [hibernate-tutorial] [           main] org.hibernate.SQL                        : 
    create table purchase_orders (
        created_at timestamp(6) with time zone not null,
        customer_id bigint not null,
        id bigint generated by default as identity,
        status enum ('CREATED','PAID','SHIPPED') not null,
        primary key (id)
    )
2026-05-06T22:00:04.409+02:00 DEBUG 27552 --- [hibernate-tutorial] [           main] org.hibernate.SQL                        : 
    alter table if exists order_lines 
       add constraint FKt2dn0kd5eewlnvj437fob6c4l 
       foreign key (order_id) 
       references purchase_orders
2026-05-06T22:00:04.425+02:00 DEBUG 27552 --- [hibernate-tutorial] [           main] org.hibernate.SQL                        : 
    alter table if exists order_lines 
       add constraint FK5v1oeejtgtf2n3toppm3tkuhh 
       foreign key (product_id) 
       references products
2026-05-06T22:00:04.427+02:00 DEBUG 27552 --- [hibernate-tutorial] [           main] org.hibernate.SQL                        : 
    alter table if exists purchase_orders 
       add constraint FKfbqmektiojpqhypnpog4uqk41 
       foreign key (customer_id) 
       references customers
2026-05-06T22:00:04.431+02:00  INFO 27552 --- [hibernate-tutorial] [           main] j.LocalContainerEntityManagerFactoryBean : Initialized JPA EntityManagerFactory for persistence unit 'default'
2026-05-06T22:00:04.538+02:00  INFO 27552 --- [hibernate-tutorial] [           main] o.s.d.j.r.query.QueryEnhancerFactories   : Hibernate is in classpath; If applicable, HQL parser will be used.
2026-05-06T22:00:05.942+02:00  INFO 27552 --- [hibernate-tutorial] [           main] c.e.h.HibernateTutorialApplicationTests  : Started HibernateTutorialApplicationTests in 9.96 seconds (process running for 11.51)
2026-05-06T22:00:05.976+02:00 DEBUG 27552 --- [hibernate-tutorial] [           main] org.hibernate.SQL                        : 
    /* delete 
    from
        OrderLine */ delete 
    from
        order_lines ol1_0
2026-05-06T22:00:05.998+02:00 DEBUG 27552 --- [hibernate-tutorial] [           main] org.hibernate.SQL                        : 
    /* delete 
    from
        PurchaseOrder x */ delete 
    from
        purchase_orders po1_0
2026-05-06T22:00:05.998+02:00 DEBUG 27552 --- [hibernate-tutorial] [           main] org.hibernate.SQL                        : 
    /* delete 
    from
        Customer x */ delete 
    from
        customers c1_0
2026-05-06T22:00:06.008+02:00 DEBUG 27552 --- [hibernate-tutorial] [           main] org.hibernate.SQL                        : 
    /* delete 
    from
        Product x */ delete 
    from
        products p1_0
2026-05-06T22:00:06.031+02:00 DEBUG 27552 --- [hibernate-tutorial] [           main] org.hibernate.SQL                        : 
    /* insert 
    for
        com.example.hibernatetutorial.domain.Product
        */insert 
    into
        products (name, price, sku, stock_quantity, id) 
    values
        (?, ?, ?, ?, default)
2026-05-06T22:00:06.034+02:00 TRACE 27552 --- [hibernate-tutorial] [           main] org.hibernate.orm.jdbc.bind              : binding parameter (1:VARCHAR) <- [Ultrabook 14 pouces]
2026-05-06T22:00:06.034+02:00 TRACE 27552 --- [hibernate-tutorial] [           main] org.hibernate.orm.jdbc.bind              : binding parameter (2:NUMERIC) <- [1299.00]
2026-05-06T22:00:06.034+02:00 TRACE 27552 --- [hibernate-tutorial] [           main] org.hibernate.orm.jdbc.bind              : binding parameter (3:VARCHAR) <- [SKU-LAPTOP-PRO]
2026-05-06T22:00:06.034+02:00 TRACE 27552 --- [hibernate-tutorial] [           main] org.hibernate.orm.jdbc.bind              : binding parameter (4:INTEGER) <- [25]
2026-05-06T22:00:06.057+02:00 DEBUG 27552 --- [hibernate-tutorial] [           main] org.hibernate.SQL                        : 
    /* insert 
    for
        com.example.hibernatetutorial.domain.Product
        */insert 
    into
        products (name, price, sku, stock_quantity, id) 
    values
        (?, ?, ?, ?, default)
2026-05-06T22:00:06.058+02:00 TRACE 27552 --- [hibernate-tutorial] [           main] org.hibernate.orm.jdbc.bind              : binding parameter (1:VARCHAR) <- [Smartphone Plus]
2026-05-06T22:00:06.058+02:00 TRACE 27552 --- [hibernate-tutorial] [           main] org.hibernate.orm.jdbc.bind              : binding parameter (2:NUMERIC) <- [899.00]
2026-05-06T22:00:06.058+02:00 TRACE 27552 --- [hibernate-tutorial] [           main] org.hibernate.orm.jdbc.bind              : binding parameter (3:VARCHAR) <- [SKU-PHONE-PLUS]
2026-05-06T22:00:06.058+02:00 TRACE 27552 --- [hibernate-tutorial] [           main] org.hibernate.orm.jdbc.bind              : binding parameter (4:INTEGER) <- [40]
2026-05-06T22:00:06.059+02:00 DEBUG 27552 --- [hibernate-tutorial] [           main] org.hibernate.SQL                        : 
    /* insert 
    for
        com.example.hibernatetutorial.domain.Product
        */insert 
    into
        products (name, price, sku, stock_quantity, id) 
    values
        (?, ?, ?, ?, default)
2026-05-06T22:00:06.059+02:00 TRACE 27552 --- [hibernate-tutorial] [           main] org.hibernate.orm.jdbc.bind              : binding parameter (1:VARCHAR) <- [Casque Bluetooth]
2026-05-06T22:00:06.059+02:00 TRACE 27552 --- [hibernate-tutorial] [           main] org.hibernate.orm.jdbc.bind              : binding parameter (2:NUMERIC) <- [149.90]
2026-05-06T22:00:06.059+02:00 TRACE 27552 --- [hibernate-tutorial] [           main] org.hibernate.orm.jdbc.bind              : binding parameter (3:VARCHAR) <- [SKU-HEADSET-BT]
2026-05-06T22:00:06.059+02:00 TRACE 27552 --- [hibernate-tutorial] [           main] org.hibernate.orm.jdbc.bind              : binding parameter (4:INTEGER) <- [80]
2026-05-06T22:00:06.060+02:00 DEBUG 27552 --- [hibernate-tutorial] [           main] org.hibernate.SQL                        : 
    /* insert 
    for
        com.example.hibernatetutorial.domain.Product
        */insert 
    into
        products (name, price, sku, stock_quantity, id) 
    values
        (?, ?, ?, ?, default)
2026-05-06T22:00:06.060+02:00 TRACE 27552 --- [hibernate-tutorial] [           main] org.hibernate.orm.jdbc.bind              : binding parameter (1:VARCHAR) <- [Clavier mecanique]
2026-05-06T22:00:06.060+02:00 TRACE 27552 --- [hibernate-tutorial] [           main] org.hibernate.orm.jdbc.bind              : binding parameter (2:NUMERIC) <- [119.90]
2026-05-06T22:00:06.060+02:00 TRACE 27552 --- [hibernate-tutorial] [           main] org.hibernate.orm.jdbc.bind              : binding parameter (3:VARCHAR) <- [SKU-KEYBOARD-MECH]
2026-05-06T22:00:06.060+02:00 TRACE 27552 --- [hibernate-tutorial] [           main] org.hibernate.orm.jdbc.bind              : binding parameter (4:INTEGER) <- [55]
2026-05-06T22:00:06.061+02:00 DEBUG 27552 --- [hibernate-tutorial] [           main] org.hibernate.SQL                        : 
    /* insert 
    for
        com.example.hibernatetutorial.domain.Product
        */insert 
    into
        products (name, price, sku, stock_quantity, id) 
    values
        (?, ?, ?, ?, default)
2026-05-06T22:00:06.061+02:00 TRACE 27552 --- [hibernate-tutorial] [           main] org.hibernate.orm.jdbc.bind              : binding parameter (1:VARCHAR) <- [Souris sans fil]
2026-05-06T22:00:06.061+02:00 TRACE 27552 --- [hibernate-tutorial] [           main] org.hibernate.orm.jdbc.bind              : binding parameter (2:NUMERIC) <- [49.90]
2026-05-06T22:00:06.061+02:00 TRACE 27552 --- [hibernate-tutorial] [           main] org.hibernate.orm.jdbc.bind              : binding parameter (3:VARCHAR) <- [SKU-MOUSE-WIRELESS]
2026-05-06T22:00:06.061+02:00 TRACE 27552 --- [hibernate-tutorial] [           main] org.hibernate.orm.jdbc.bind              : binding parameter (4:INTEGER) <- [120]
2026-05-06T22:00:06.061+02:00 DEBUG 27552 --- [hibernate-tutorial] [           main] org.hibernate.SQL                        : 
    /* insert 
    for
        com.example.hibernatetutorial.domain.Customer
        */insert 
    into
        customers (email, first_name, last_name, id) 
    values
        (?, ?, ?, default)
2026-05-06T22:00:06.061+02:00 TRACE 27552 --- [hibernate-tutorial] [           main] org.hibernate.orm.jdbc.bind              : binding parameter (1:VARCHAR) <- [alice.martin@example.com]
2026-05-06T22:00:06.061+02:00 TRACE 27552 --- [hibernate-tutorial] [           main] org.hibernate.orm.jdbc.bind              : binding parameter (2:VARCHAR) <- [Alice]
2026-05-06T22:00:06.061+02:00 TRACE 27552 --- [hibernate-tutorial] [           main] org.hibernate.orm.jdbc.bind              : binding parameter (3:VARCHAR) <- [Martin]
2026-05-06T22:00:06.063+02:00 DEBUG 27552 --- [hibernate-tutorial] [           main] org.hibernate.SQL                        : 
    /* insert 
    for
        com.example.hibernatetutorial.domain.Customer
        */insert 
    into
        customers (email, first_name, last_name, id) 
    values
        (?, ?, ?, default)
2026-05-06T22:00:06.063+02:00 TRACE 27552 --- [hibernate-tutorial] [           main] org.hibernate.orm.jdbc.bind              : binding parameter (1:VARCHAR) <- [nora.bernard@example.com]
2026-05-06T22:00:06.063+02:00 TRACE 27552 --- [hibernate-tutorial] [           main] org.hibernate.orm.jdbc.bind              : binding parameter (2:VARCHAR) <- [Nora]
2026-05-06T22:00:06.063+02:00 TRACE 27552 --- [hibernate-tutorial] [           main] org.hibernate.orm.jdbc.bind              : binding parameter (3:VARCHAR) <- [Bernard]
2026-05-06T22:00:06.064+02:00 DEBUG 27552 --- [hibernate-tutorial] [           main] org.hibernate.SQL                        : 
    /* insert 
    for
        com.example.hibernatetutorial.domain.Customer
        */insert 
    into
        customers (email, first_name, last_name, id) 
    values
        (?, ?, ?, default)
2026-05-06T22:00:06.064+02:00 TRACE 27552 --- [hibernate-tutorial] [           main] org.hibernate.orm.jdbc.bind              : binding parameter (1:VARCHAR) <- [yann.petit@example.com]
2026-05-06T22:00:06.064+02:00 TRACE 27552 --- [hibernate-tutorial] [           main] org.hibernate.orm.jdbc.bind              : binding parameter (2:VARCHAR) <- [Yann]
2026-05-06T22:00:06.064+02:00 TRACE 27552 --- [hibernate-tutorial] [           main] org.hibernate.orm.jdbc.bind              : binding parameter (3:VARCHAR) <- [Petit]
2026-05-06T22:00:06.072+02:00 DEBUG 27552 --- [hibernate-tutorial] [           main] org.hibernate.SQL                        : 
    /* insert 
    for
        com.example.hibernatetutorial.domain.PurchaseOrder
        */insert 
    into
        purchase_orders (created_at, customer_id, status, id) 
    values
        (?, ?, ?, default)
2026-05-06T22:00:06.072+02:00 TRACE 27552 --- [hibernate-tutorial] [           main] org.hibernate.orm.jdbc.bind              : binding parameter (1:TIMESTAMP_UTC) <- [2026-05-01T20:00:06.064859700Z]
2026-05-06T22:00:06.075+02:00 TRACE 27552 --- [hibernate-tutorial] [           main] org.hibernate.orm.jdbc.bind              : binding parameter (2:BIGINT) <- [1]
2026-05-06T22:00:06.075+02:00 TRACE 27552 --- [hibernate-tutorial] [           main] org.hibernate.orm.jdbc.bind              : binding parameter (3:ENUM) <- [PAID]
2026-05-06T22:00:06.075+02:00 DEBUG 27552 --- [hibernate-tutorial] [           main] org.hibernate.SQL                        : 
    /* insert 
    for
        com.example.hibernatetutorial.domain.OrderLine
        */insert 
    into
        order_lines (order_id, product_id, quantity, unit_price_snapshot, id) 
    values
        (?, ?, ?, ?, default)
2026-05-06T22:00:06.075+02:00 TRACE 27552 --- [hibernate-tutorial] [           main] org.hibernate.orm.jdbc.bind              : binding parameter (1:BIGINT) <- [1]
2026-05-06T22:00:06.075+02:00 TRACE 27552 --- [hibernate-tutorial] [           main] org.hibernate.orm.jdbc.bind              : binding parameter (2:BIGINT) <- [1]
2026-05-06T22:00:06.075+02:00 TRACE 27552 --- [hibernate-tutorial] [           main] org.hibernate.orm.jdbc.bind              : binding parameter (3:INTEGER) <- [1]
2026-05-06T22:00:06.075+02:00 TRACE 27552 --- [hibernate-tutorial] [           main] org.hibernate.orm.jdbc.bind              : binding parameter (4:NUMERIC) <- [1299.00]
2026-05-06T22:00:06.075+02:00 DEBUG 27552 --- [hibernate-tutorial] [           main] org.hibernate.SQL                        : 
    /* insert 
    for
        com.example.hibernatetutorial.domain.OrderLine
        */insert 
    into
        order_lines (order_id, product_id, quantity, unit_price_snapshot, id) 
    values
        (?, ?, ?, ?, default)
2026-05-06T22:00:06.075+02:00 TRACE 27552 --- [hibernate-tutorial] [           main] org.hibernate.orm.jdbc.bind              : binding parameter (1:BIGINT) <- [1]
2026-05-06T22:00:06.075+02:00 TRACE 27552 --- [hibernate-tutorial] [           main] org.hibernate.orm.jdbc.bind              : binding parameter (2:BIGINT) <- [5]
2026-05-06T22:00:06.075+02:00 TRACE 27552 --- [hibernate-tutorial] [           main] org.hibernate.orm.jdbc.bind              : binding parameter (3:INTEGER) <- [2]
2026-05-06T22:00:06.075+02:00 TRACE 27552 --- [hibernate-tutorial] [           main] org.hibernate.orm.jdbc.bind              : binding parameter (4:NUMERIC) <- [49.90]
2026-05-06T22:00:06.075+02:00 DEBUG 27552 --- [hibernate-tutorial] [           main] org.hibernate.SQL                        : 
    /* insert 
    for
        com.example.hibernatetutorial.domain.PurchaseOrder
        */insert 
    into
        purchase_orders (created_at, customer_id, status, id) 
    values
        (?, ?, ?, default)
2026-05-06T22:00:06.075+02:00 TRACE 27552 --- [hibernate-tutorial] [           main] org.hibernate.orm.jdbc.bind              : binding parameter (1:TIMESTAMP_UTC) <- [2026-05-03T20:00:06.064859700Z]
2026-05-06T22:00:06.075+02:00 TRACE 27552 --- [hibernate-tutorial] [           main] org.hibernate.orm.jdbc.bind              : binding parameter (2:BIGINT) <- [2]
2026-05-06T22:00:06.084+02:00 TRACE 27552 --- [hibernate-tutorial] [           main] org.hibernate.orm.jdbc.bind              : binding parameter (3:ENUM) <- [SHIPPED]
2026-05-06T22:00:06.084+02:00 DEBUG 27552 --- [hibernate-tutorial] [           main] org.hibernate.SQL                        : 
    /* insert 
    for
        com.example.hibernatetutorial.domain.OrderLine
        */insert 
    into
        order_lines (order_id, product_id, quantity, unit_price_snapshot, id) 
    values
        (?, ?, ?, ?, default)
2026-05-06T22:00:06.084+02:00 TRACE 27552 --- [hibernate-tutorial] [           main] org.hibernate.orm.jdbc.bind              : binding parameter (1:BIGINT) <- [2]
2026-05-06T22:00:06.084+02:00 TRACE 27552 --- [hibernate-tutorial] [           main] org.hibernate.orm.jdbc.bind              : binding parameter (2:BIGINT) <- [2]
2026-05-06T22:00:06.084+02:00 TRACE 27552 --- [hibernate-tutorial] [           main] org.hibernate.orm.jdbc.bind              : binding parameter (3:INTEGER) <- [1]
2026-05-06T22:00:06.084+02:00 TRACE 27552 --- [hibernate-tutorial] [           main] org.hibernate.orm.jdbc.bind              : binding parameter (4:NUMERIC) <- [899.00]
2026-05-06T22:00:06.086+02:00 DEBUG 27552 --- [hibernate-tutorial] [           main] org.hibernate.SQL                        : 
    /* insert 
    for
        com.example.hibernatetutorial.domain.OrderLine
        */insert 
    into
        order_lines (order_id, product_id, quantity, unit_price_snapshot, id) 
    values
        (?, ?, ?, ?, default)
2026-05-06T22:00:06.086+02:00 TRACE 27552 --- [hibernate-tutorial] [           main] org.hibernate.orm.jdbc.bind              : binding parameter (1:BIGINT) <- [2]
2026-05-06T22:00:06.086+02:00 TRACE 27552 --- [hibernate-tutorial] [           main] org.hibernate.orm.jdbc.bind              : binding parameter (2:BIGINT) <- [3]
2026-05-06T22:00:06.086+02:00 TRACE 27552 --- [hibernate-tutorial] [           main] org.hibernate.orm.jdbc.bind              : binding parameter (3:INTEGER) <- [2]
2026-05-06T22:00:06.086+02:00 TRACE 27552 --- [hibernate-tutorial] [           main] org.hibernate.orm.jdbc.bind              : binding parameter (4:NUMERIC) <- [149.90]
2026-05-06T22:00:06.086+02:00 DEBUG 27552 --- [hibernate-tutorial] [           main] org.hibernate.SQL                        : 
    /* insert 
    for
        com.example.hibernatetutorial.domain.PurchaseOrder
        */insert 
    into
        purchase_orders (created_at, customer_id, status, id) 
    values
        (?, ?, ?, default)
2026-05-06T22:00:06.086+02:00 TRACE 27552 --- [hibernate-tutorial] [           main] org.hibernate.orm.jdbc.bind              : binding parameter (1:TIMESTAMP_UTC) <- [2026-05-05T20:00:06.064859700Z]
2026-05-06T22:00:06.086+02:00 TRACE 27552 --- [hibernate-tutorial] [           main] org.hibernate.orm.jdbc.bind              : binding parameter (2:BIGINT) <- [3]
2026-05-06T22:00:06.086+02:00 TRACE 27552 --- [hibernate-tutorial] [           main] org.hibernate.orm.jdbc.bind              : binding parameter (3:ENUM) <- [CREATED]
2026-05-06T22:00:06.088+02:00 DEBUG 27552 --- [hibernate-tutorial] [           main] org.hibernate.SQL                        : 
    /* insert 
    for
        com.example.hibernatetutorial.domain.OrderLine
        */insert 
    into
        order_lines (order_id, product_id, quantity, unit_price_snapshot, id) 
    values
        (?, ?, ?, ?, default)
2026-05-06T22:00:06.088+02:00 TRACE 27552 --- [hibernate-tutorial] [           main] org.hibernate.orm.jdbc.bind              : binding parameter (1:BIGINT) <- [3]
2026-05-06T22:00:06.088+02:00 TRACE 27552 --- [hibernate-tutorial] [           main] org.hibernate.orm.jdbc.bind              : binding parameter (2:BIGINT) <- [4]
2026-05-06T22:00:06.088+02:00 TRACE 27552 --- [hibernate-tutorial] [           main] org.hibernate.orm.jdbc.bind              : binding parameter (3:INTEGER) <- [2]
2026-05-06T22:00:06.088+02:00 TRACE 27552 --- [hibernate-tutorial] [           main] org.hibernate.orm.jdbc.bind              : binding parameter (4:NUMERIC) <- [119.90]
2026-05-06T22:00:06.088+02:00 DEBUG 27552 --- [hibernate-tutorial] [           main] org.hibernate.SQL                        : 
    /* insert 
    for
        com.example.hibernatetutorial.domain.OrderLine
        */insert 
    into
        order_lines (order_id, product_id, quantity, unit_price_snapshot, id) 
    values
        (?, ?, ?, ?, default)
2026-05-06T22:00:06.088+02:00 TRACE 27552 --- [hibernate-tutorial] [           main] org.hibernate.orm.jdbc.bind              : binding parameter (1:BIGINT) <- [3]
2026-05-06T22:00:06.088+02:00 TRACE 27552 --- [hibernate-tutorial] [           main] org.hibernate.orm.jdbc.bind              : binding parameter (2:BIGINT) <- [5]
2026-05-06T22:00:06.088+02:00 TRACE 27552 --- [hibernate-tutorial] [           main] org.hibernate.orm.jdbc.bind              : binding parameter (3:INTEGER) <- [1]
2026-05-06T22:00:06.088+02:00 TRACE 27552 --- [hibernate-tutorial] [           main] org.hibernate.orm.jdbc.bind              : binding parameter (4:NUMERIC) <- [49.90]
2026-05-06T22:00:06.088+02:00 DEBUG 27552 --- [hibernate-tutorial] [           main] org.hibernate.SQL                        : 
    /* insert 
    for
        com.example.hibernatetutorial.domain.OrderLine
        */insert 
    into
        order_lines (order_id, product_id, quantity, unit_price_snapshot, id) 
    values
        (?, ?, ?, ?, default)
2026-05-06T22:00:06.088+02:00 TRACE 27552 --- [hibernate-tutorial] [           main] org.hibernate.orm.jdbc.bind              : binding parameter (1:BIGINT) <- [3]
2026-05-06T22:00:06.088+02:00 TRACE 27552 --- [hibernate-tutorial] [           main] org.hibernate.orm.jdbc.bind              : binding parameter (2:BIGINT) <- [3]
2026-05-06T22:00:06.088+02:00 TRACE 27552 --- [hibernate-tutorial] [           main] org.hibernate.orm.jdbc.bind              : binding parameter (3:INTEGER) <- [1]
2026-05-06T22:00:06.088+02:00 TRACE 27552 --- [hibernate-tutorial] [           main] org.hibernate.orm.jdbc.bind              : binding parameter (4:NUMERIC) <- [149.90]
2026-05-06T22:00:06.102+02:00 DEBUG 27552 --- [hibernate-tutorial] [           main] org.hibernate.SQL                        : 
    /* update
        
    for
        com.example.hibernatetutorial.domain.Product */update products 
    set
        name=?,
        price=?,
        sku=?,
        stock_quantity=? 
    where
        id=?
2026-05-06T22:00:06.105+02:00 TRACE 27552 --- [hibernate-tutorial] [           main] org.hibernate.orm.jdbc.bind              : binding parameter (1:VARCHAR) <- [Ultrabook 14 pouces]
2026-05-06T22:00:06.105+02:00 TRACE 27552 --- [hibernate-tutorial] [           main] org.hibernate.orm.jdbc.bind              : binding parameter (2:NUMERIC) <- [1299.00]
2026-05-06T22:00:06.105+02:00 TRACE 27552 --- [hibernate-tutorial] [           main] org.hibernate.orm.jdbc.bind              : binding parameter (3:VARCHAR) <- [SKU-LAPTOP-PRO]
2026-05-06T22:00:06.105+02:00 TRACE 27552 --- [hibernate-tutorial] [           main] org.hibernate.orm.jdbc.bind              : binding parameter (4:INTEGER) <- [24]
2026-05-06T22:00:06.105+02:00 TRACE 27552 --- [hibernate-tutorial] [           main] org.hibernate.orm.jdbc.bind              : binding parameter (5:BIGINT) <- [1]
2026-05-06T22:00:06.105+02:00 DEBUG 27552 --- [hibernate-tutorial] [           main] org.hibernate.SQL                        : 
    /* update
        
    for
        com.example.hibernatetutorial.domain.Product */update products 
    set
        name=?,
        price=?,
        sku=?,
        stock_quantity=? 
    where
        id=?
2026-05-06T22:00:06.108+02:00 TRACE 27552 --- [hibernate-tutorial] [           main] org.hibernate.orm.jdbc.bind              : binding parameter (1:VARCHAR) <- [Smartphone Plus]
2026-05-06T22:00:06.108+02:00 TRACE 27552 --- [hibernate-tutorial] [           main] org.hibernate.orm.jdbc.bind              : binding parameter (2:NUMERIC) <- [899.00]
2026-05-06T22:00:06.109+02:00 TRACE 27552 --- [hibernate-tutorial] [           main] org.hibernate.orm.jdbc.bind              : binding parameter (3:VARCHAR) <- [SKU-PHONE-PLUS]
2026-05-06T22:00:06.109+02:00 TRACE 27552 --- [hibernate-tutorial] [           main] org.hibernate.orm.jdbc.bind              : binding parameter (4:INTEGER) <- [39]
2026-05-06T22:00:06.109+02:00 TRACE 27552 --- [hibernate-tutorial] [           main] org.hibernate.orm.jdbc.bind              : binding parameter (5:BIGINT) <- [2]
2026-05-06T22:00:06.109+02:00 DEBUG 27552 --- [hibernate-tutorial] [           main] org.hibernate.SQL                        : 
    /* update
        
    for
        com.example.hibernatetutorial.domain.Product */update products 
    set
        name=?,
        price=?,
        sku=?,
        stock_quantity=? 
    where
        id=?
2026-05-06T22:00:06.109+02:00 TRACE 27552 --- [hibernate-tutorial] [           main] org.hibernate.orm.jdbc.bind              : binding parameter (1:VARCHAR) <- [Casque Bluetooth]
2026-05-06T22:00:06.109+02:00 TRACE 27552 --- [hibernate-tutorial] [           main] org.hibernate.orm.jdbc.bind              : binding parameter (2:NUMERIC) <- [149.90]
2026-05-06T22:00:06.109+02:00 TRACE 27552 --- [hibernate-tutorial] [           main] org.hibernate.orm.jdbc.bind              : binding parameter (3:VARCHAR) <- [SKU-HEADSET-BT]
2026-05-06T22:00:06.109+02:00 TRACE 27552 --- [hibernate-tutorial] [           main] org.hibernate.orm.jdbc.bind              : binding parameter (4:INTEGER) <- [77]
2026-05-06T22:00:06.109+02:00 TRACE 27552 --- [hibernate-tutorial] [           main] org.hibernate.orm.jdbc.bind              : binding parameter (5:BIGINT) <- [3]
2026-05-06T22:00:06.109+02:00 DEBUG 27552 --- [hibernate-tutorial] [           main] org.hibernate.SQL                        : 
    /* update
        
    for
        com.example.hibernatetutorial.domain.Product */update products 
    set
        name=?,
        price=?,
        sku=?,
        stock_quantity=? 
    where
        id=?
2026-05-06T22:00:06.109+02:00 TRACE 27552 --- [hibernate-tutorial] [           main] org.hibernate.orm.jdbc.bind              : binding parameter (1:VARCHAR) <- [Clavier mecanique]
2026-05-06T22:00:06.109+02:00 TRACE 27552 --- [hibernate-tutorial] [           main] org.hibernate.orm.jdbc.bind              : binding parameter (2:NUMERIC) <- [119.90]
2026-05-06T22:00:06.109+02:00 TRACE 27552 --- [hibernate-tutorial] [           main] org.hibernate.orm.jdbc.bind              : binding parameter (3:VARCHAR) <- [SKU-KEYBOARD-MECH]
2026-05-06T22:00:06.109+02:00 TRACE 27552 --- [hibernate-tutorial] [           main] org.hibernate.orm.jdbc.bind              : binding parameter (4:INTEGER) <- [53]
2026-05-06T22:00:06.109+02:00 TRACE 27552 --- [hibernate-tutorial] [           main] org.hibernate.orm.jdbc.bind              : binding parameter (5:BIGINT) <- [4]
2026-05-06T22:00:06.109+02:00 DEBUG 27552 --- [hibernate-tutorial] [           main] org.hibernate.SQL                        : 
    /* update
        
    for
        com.example.hibernatetutorial.domain.Product */update products 
    set
        name=?,
        price=?,
        sku=?,
        stock_quantity=? 
    where
        id=?
2026-05-06T22:00:06.109+02:00 TRACE 27552 --- [hibernate-tutorial] [           main] org.hibernate.orm.jdbc.bind              : binding parameter (1:VARCHAR) <- [Souris sans fil]
2026-05-06T22:00:06.109+02:00 TRACE 27552 --- [hibernate-tutorial] [           main] org.hibernate.orm.jdbc.bind              : binding parameter (2:NUMERIC) <- [49.90]
2026-05-06T22:00:06.109+02:00 TRACE 27552 --- [hibernate-tutorial] [           main] org.hibernate.orm.jdbc.bind              : binding parameter (3:VARCHAR) <- [SKU-MOUSE-WIRELESS]
2026-05-06T22:00:06.109+02:00 TRACE 27552 --- [hibernate-tutorial] [           main] org.hibernate.orm.jdbc.bind              : binding parameter (4:INTEGER) <- [117]
2026-05-06T22:00:06.109+02:00 TRACE 27552 --- [hibernate-tutorial] [           main] org.hibernate.orm.jdbc.bind              : binding parameter (5:BIGINT) <- [5]

================================================================================
0a. Repository findById: le deuxieme acces par id ne refait pas de SELECT
================================================================================
 - Diagnostics - debut
   Transaction active                               : true
   Entites managees                                 : 0
   Connexions actives                               : 1
   Connexions idle                                  : 9
   Connexions totales                               : 10
   Threads attente connexion                        : 0
2026-05-06T22:00:06.163+02:00 DEBUG 27552 --- [hibernate-tutorial] [           main] org.hibernate.SQL                        : 
    /* select
        p.id 
    from
        Product p 
    where
        p.sku = :sku */ select
            p1_0.id 
        from
            products p1_0 
        where
            p1_0.sku=?
2026-05-06T22:00:06.163+02:00 TRACE 27552 --- [hibernate-tutorial] [           main] org.hibernate.orm.jdbc.bind              : binding parameter (1:VARCHAR) <- [SKU-LAPTOP-PRO]
2026-05-06T22:00:06.164+02:00 DEBUG 27552 --- [hibernate-tutorial] [           main] org.hibernate.SQL                        : 
    select
        p1_0.id,
        p1_0.name,
        p1_0.price,
        p1_0.sku,
        p1_0.stock_quantity 
    from
        products p1_0 
    where
        p1_0.id=?
2026-05-06T22:00:06.164+02:00 TRACE 27552 --- [hibernate-tutorial] [           main] org.hibernate.orm.jdbc.bind              : binding parameter (1:BIGINT) <- [1]
 - Diagnostics - apres premier findById
   Transaction active                               : true
   Entites managees                                 : 1
   Connexions actives                               : 1
   Connexions idle                                  : 9
   Connexions totales                               : 10
   Threads attente connexion                        : 0
 - Diagnostics - apres second findById
   Transaction active                               : true
   Entites managees                                 : 1
   Connexions actives                               : 1
   Connexions idle                                  : 9
   Connexions totales                               : 10
   Threads attente connexion                        : 0
   Meme instance Java                               : true
   Nom via premiere instance                        : Ultrabook modifie via findById
   Nom via seconde instance                         : Ultrabook modifie via findById
 - Regardez les logs SQL: apres le SELECT par id initial, le deuxieme findById ne relit pas la ligne.
 - La transaction commit ensuite: le setter declenche un UPDATE par dirty checking.
 - Diagnostics - fin avant commit
   Transaction active                               : true
   Entites managees                                 : 1
   Connexions actives                               : 1
   Connexions idle                                  : 9
   Connexions totales                               : 10
   Threads attente connexion                        : 0
2026-05-06T22:00:06.185+02:00 DEBUG 27552 --- [hibernate-tutorial] [           main] org.hibernate.SQL                        : 
    /* update
        
    for
        com.example.hibernatetutorial.domain.Product */update products 
    set
        name=?,
        price=?,
        sku=?,
        stock_quantity=? 
    where
        id=?
2026-05-06T22:00:06.186+02:00 TRACE 27552 --- [hibernate-tutorial] [           main] org.hibernate.orm.jdbc.bind              : binding parameter (1:VARCHAR) <- [Ultrabook modifie via findById]
2026-05-06T22:00:06.186+02:00 TRACE 27552 --- [hibernate-tutorial] [           main] org.hibernate.orm.jdbc.bind              : binding parameter (2:NUMERIC) <- [1299.00]
2026-05-06T22:00:06.186+02:00 TRACE 27552 --- [hibernate-tutorial] [           main] org.hibernate.orm.jdbc.bind              : binding parameter (3:VARCHAR) <- [SKU-LAPTOP-PRO]
2026-05-06T22:00:06.186+02:00 TRACE 27552 --- [hibernate-tutorial] [           main] org.hibernate.orm.jdbc.bind              : binding parameter (4:INTEGER) <- [24]
2026-05-06T22:00:06.186+02:00 TRACE 27552 --- [hibernate-tutorial] [           main] org.hibernate.orm.jdbc.bind              : binding parameter (5:BIGINT) <- [1]

================================================================================
0b. Repository findBySku: deux SELECT, mais une seule instance Java
================================================================================
 - Diagnostics - debut
   Transaction active                               : true
   Entites managees                                 : 0
   Connexions actives                               : 1
   Connexions idle                                  : 9
   Connexions totales                               : 10
   Threads attente connexion                        : 0
2026-05-06T22:00:06.232+02:00 DEBUG 27552 --- [hibernate-tutorial] [           main] org.hibernate.SQL                        : 
    /* SELECT
        p 
    FROM
        Product p 
    WHERE
        p.sku = :sku */ select
            p1_0.id,
            p1_0.name,
            p1_0.price,
            p1_0.sku,
            p1_0.stock_quantity 
        from
            products p1_0 
        where
            p1_0.sku=?
2026-05-06T22:00:06.232+02:00 TRACE 27552 --- [hibernate-tutorial] [           main] org.hibernate.orm.jdbc.bind              : binding parameter (1:VARCHAR) <- [SKU-LAPTOP-PRO]
 - Diagnostics - apres premier findBySku
   Transaction active                               : true
   Entites managees                                 : 1
   Connexions actives                               : 1
   Connexions idle                                  : 9
   Connexions totales                               : 10
   Threads attente connexion                        : 0
2026-05-06T22:00:06.240+02:00 DEBUG 27552 --- [hibernate-tutorial] [           main] org.hibernate.SQL                        : 
    /* SELECT
        p 
    FROM
        Product p 
    WHERE
        p.sku = :sku */ select
            p1_0.id,
            p1_0.name,
            p1_0.price,
            p1_0.sku,
            p1_0.stock_quantity 
        from
            products p1_0 
        where
            p1_0.sku=?
2026-05-06T22:00:06.240+02:00 TRACE 27552 --- [hibernate-tutorial] [           main] org.hibernate.orm.jdbc.bind              : binding parameter (1:VARCHAR) <- [SKU-LAPTOP-PRO]
 - Diagnostics - apres second findBySku
   Transaction active                               : true
   Entites managees                                 : 1
   Connexions actives                               : 1
   Connexions idle                                  : 9
   Connexions totales                               : 10
   Threads attente connexion                        : 0
   Meme instance Java                               : true
   Nom via premiere instance                        : Ultrabook renomme dans le cache
   Nom via seconde instance                         : Ultrabook renomme dans le cache
 - A ce stade, aucun save(...) n'est necessaire pour que les deux references voient la meme valeur.
 - La transaction va commit: regardez les logs SQL, Hibernate fera un UPDATE a la fin de la methode.
 - Diagnostics - fin avant commit
   Transaction active                               : true
   Entites managees                                 : 1
   Connexions actives                               : 1
   Connexions idle                                  : 9
   Connexions totales                               : 10
   Threads attente connexion                        : 0
2026-05-06T22:00:06.243+02:00 DEBUG 27552 --- [hibernate-tutorial] [           main] org.hibernate.SQL                        : 
    /* update
        
    for
        com.example.hibernatetutorial.domain.Product */update products 
    set
        name=?,
        price=?,
        sku=?,
        stock_quantity=? 
    where
        id=?
2026-05-06T22:00:06.243+02:00 TRACE 27552 --- [hibernate-tutorial] [           main] org.hibernate.orm.jdbc.bind              : binding parameter (1:VARCHAR) <- [Ultrabook renomme dans le cache]
2026-05-06T22:00:06.243+02:00 TRACE 27552 --- [hibernate-tutorial] [           main] org.hibernate.orm.jdbc.bind              : binding parameter (2:NUMERIC) <- [1299.00]
2026-05-06T22:00:06.243+02:00 TRACE 27552 --- [hibernate-tutorial] [           main] org.hibernate.orm.jdbc.bind              : binding parameter (3:VARCHAR) <- [SKU-LAPTOP-PRO]
2026-05-06T22:00:06.243+02:00 TRACE 27552 --- [hibernate-tutorial] [           main] org.hibernate.orm.jdbc.bind              : binding parameter (4:INTEGER) <- [24]
2026-05-06T22:00:06.243+02:00 TRACE 27552 --- [hibernate-tutorial] [           main] org.hibernate.orm.jdbc.bind              : binding parameter (5:BIGINT) <- [1]

================================================================================
1. Cache de premier niveau: une identite Java par entite dans une transaction
================================================================================
 - Diagnostics - debut
   Transaction active                               : true
   Entites managees                                 : 0
   Connexions actives                               : 1
   Connexions idle                                  : 9
   Connexions totales                               : 10
   Threads attente connexion                        : 0
2026-05-06T22:00:06.249+02:00 DEBUG 27552 --- [hibernate-tutorial] [           main] org.hibernate.SQL                        : 
    /* select
        p.id 
    from
        Product p 
    where
        p.sku = :sku */ select
            p1_0.id 
        from
            products p1_0 
        where
            p1_0.sku=?
2026-05-06T22:00:06.249+02:00 TRACE 27552 --- [hibernate-tutorial] [           main] org.hibernate.orm.jdbc.bind              : binding parameter (1:VARCHAR) <- [SKU-LAPTOP-PRO]
2026-05-06T22:00:06.249+02:00 DEBUG 27552 --- [hibernate-tutorial] [           main] org.hibernate.SQL                        : 
    select
        p1_0.id,
        p1_0.name,
        p1_0.price,
        p1_0.sku,
        p1_0.stock_quantity 
    from
        products p1_0 
    where
        p1_0.id=?
2026-05-06T22:00:06.249+02:00 TRACE 27552 --- [hibernate-tutorial] [           main] org.hibernate.orm.jdbc.bind              : binding parameter (1:BIGINT) <- [1]
 - Diagnostics - apres premier EntityManager.find
   Transaction active                               : true
   Entites managees                                 : 1
   Connexions actives                               : 1
   Connexions idle                                  : 9
   Connexions totales                               : 10
   Threads attente connexion                        : 0
 - Diagnostics - apres second EntityManager.find
   Transaction active                               : true
   Entites managees                                 : 1
   Connexions actives                               : 1
   Connexions idle                                  : 9
   Connexions totales                               : 10
   Threads attente connexion                        : 0
   Meme instance Java avant clear()                 : true
   EntityManager contient l'entite                  : true
   Prix lu depuis firstLoad apres setter            : 777.77
   Prix lu depuis secondLoad                        : 777.77
 - Diagnostics - apres clear
   Transaction active                               : true
   Entites managees                                 : 0
   Connexions actives                               : 1
   Connexions idle                                  : 9
   Connexions totales                               : 10
   Threads attente connexion                        : 0
2026-05-06T22:00:06.255+02:00 DEBUG 27552 --- [hibernate-tutorial] [           main] org.hibernate.SQL                        : 
    select
        p1_0.id,
        p1_0.name,
        p1_0.price,
        p1_0.sku,
        p1_0.stock_quantity 
    from
        products p1_0 
    where
        p1_0.id=?
2026-05-06T22:00:06.255+02:00 TRACE 27552 --- [hibernate-tutorial] [           main] org.hibernate.orm.jdbc.bind              : binding parameter (1:BIGINT) <- [1]
 - Diagnostics - apres relecture
   Transaction active                               : true
   Entites managees                                 : 1
   Connexions actives                               : 1
   Connexions idle                                  : 9
   Connexions totales                               : 10
   Threads attente connexion                        : 0
   Meme instance Java apres clear()                 : false
   Produit recharge                                 : SKU-LAPTOP-PRO - Ultrabook renomme dans le cache (1299.00 EUR)
 - La transaction est rollback-only pour que ce setter reste une demonstration sans effet durable.

================================================================================
2a. Sans transaction de service: modification d'une entite detachee
================================================================================
 - Diagnostics - debut
   Transaction active                               : false
   Entites managees                                 : n/a hors transaction
   Connexions actives                               : 0
   Connexions idle                                  : 10
   Connexions totales                               : 10
   Threads attente connexion                        : 0
2026-05-06T22:00:06.294+02:00 DEBUG 27552 --- [hibernate-tutorial] [           main] org.hibernate.SQL                        : 
    /* SELECT
        p 
    FROM
        Product p 
    WHERE
        p.sku = :sku */ select
            p1_0.id,
            p1_0.name,
            p1_0.price,
            p1_0.sku,
            p1_0.stock_quantity 
        from
            products p1_0 
        where
            p1_0.sku=?
2026-05-06T22:00:06.294+02:00 TRACE 27552 --- [hibernate-tutorial] [           main] org.hibernate.orm.jdbc.bind              : binding parameter (1:VARCHAR) <- [SKU-HEADSET-BT]
 - Diagnostics - apres appel repository
   Transaction active                               : false
   Entites managees                                 : n/a hors transaction
   Connexions actives                               : 0
   Connexions idle                                  : 10
   Connexions totales                               : 10
   Threads attente connexion                        : 0
2026-05-06T22:00:06.299+02:00 DEBUG 27552 --- [hibernate-tutorial] [           main] org.hibernate.SQL                        : 
    /* SELECT
        p 
    FROM
        Product p 
    WHERE
        p.sku = :sku */ select
            p1_0.id,
            p1_0.name,
            p1_0.price,
            p1_0.sku,
            p1_0.stock_quantity 
        from
            products p1_0 
        where
            p1_0.sku=?
2026-05-06T22:00:06.299+02:00 TRACE 27552 --- [hibernate-tutorial] [           main] org.hibernate.orm.jdbc.bind              : binding parameter (1:VARCHAR) <- [SKU-HEADSET-BT]
 - Le changement local n'est pas persiste, car aucun Persistence Context n'est actif autour du use case.
   Prix modifie en memoire                          : 1.00
   Prix relu en base                                : 149.90
   Prix initial conserve                            : true
 - Diagnostics - fin
   Transaction active                               : false
   Entites managees                                 : n/a hors transaction
   Connexions actives                               : 0
   Connexions idle                                  : 10
   Connexions totales                               : 10
   Threads attente connexion                        : 0

================================================================================
2b. Transaction read-only: setter + save explicite ne modifient pas la base
================================================================================
 - Diagnostics - debut
   Transaction active                               : true
   Entites managees                                 : 0
   Connexions actives                               : 1
   Connexions idle                                  : 9
   Connexions totales                               : 10
   Threads attente connexion                        : 0
2026-05-06T22:00:06.307+02:00 DEBUG 27552 --- [hibernate-tutorial] [           main] org.hibernate.SQL                        : 
    /* SELECT
        p 
    FROM
        Product p 
    WHERE
        p.sku = :sku */ select
            p1_0.id,
            p1_0.name,
            p1_0.price,
            p1_0.sku,
            p1_0.stock_quantity 
        from
            products p1_0 
        where
            p1_0.sku=?
2026-05-06T22:00:06.309+02:00 TRACE 27552 --- [hibernate-tutorial] [           main] org.hibernate.orm.jdbc.bind              : binding parameter (1:VARCHAR) <- [SKU-KEYBOARD-MECH]
 - Diagnostics - apres lecture clavier
   Transaction active                               : true
   Entites managees                                 : 1
   Connexions actives                               : 1
   Connexions idle                                  : 9
   Connexions totales                               : 10
   Threads attente connexion                        : 0
 - Diagnostics - apres save explicite
   Transaction active                               : true
   Entites managees                                 : 1
   Connexions actives                               : 1
   Connexions idle                                  : 9
   Connexions totales                               : 10
   Threads attente connexion                        : 0
   Transaction Spring read-only                     : true
   Transaction Hibernate read-only                  : true
   Flush mode Hibernate                             : MANUAL
   Meme instance apres save(...)                    : true
   Prix initial                                     : 119.90
   Prix modifie en memoire                          : 129.90
 - Regardez les logs SQL: aucun UPDATE du clavier n'est attendu au commit de cette transaction read-only.
 - Diagnostics - fin avant commit read-only
   Transaction active                               : true
   Entites managees                                 : 1
   Connexions actives                               : 1
   Connexions idle                                  : 9
   Connexions totales                               : 10
   Threads attente connexion                        : 0

================================================================================
2b-verification. Verification apres transaction read-only
================================================================================
 - Diagnostics - debut
   Transaction active                               : false
   Entites managees                                 : n/a hors transaction
   Connexions actives                               : 0
   Connexions idle                                  : 10
   Connexions totales                               : 10
   Threads attente connexion                        : 0
2026-05-06T22:00:06.322+02:00 DEBUG 27552 --- [hibernate-tutorial] [           main] org.hibernate.SQL                        : 
    /* SELECT
        p 
    FROM
        Product p 
    WHERE
        p.sku = :sku */ select
            p1_0.id,
            p1_0.name,
            p1_0.price,
            p1_0.sku,
            p1_0.stock_quantity 
        from
            products p1_0 
        where
            p1_0.sku=?
2026-05-06T22:00:06.322+02:00 TRACE 27552 --- [hibernate-tutorial] [           main] org.hibernate.orm.jdbc.bind              : binding parameter (1:VARCHAR) <- [SKU-KEYBOARD-MECH]
   Prix relu apres transaction read-only            : 119.90
 - Diagnostics - fin
   Transaction active                               : false
   Entites managees                                 : n/a hors transaction
   Connexions actives                               : 0
   Connexions idle                                  : 10
   Connexions totales                               : 10
   Threads attente connexion                        : 0

================================================================================
2c. Self-invocation: appeler une methode @Transactional de la meme classe ne passe pas par le proxy
================================================================================
 - Diagnostics - debut
   Transaction active                               : false
   Entites managees                                 : n/a hors transaction
   Connexions actives                               : 0
   Connexions idle                                  : 10
   Connexions totales                               : 10
   Threads attente connexion                        : 0
2026-05-06T22:00:06.322+02:00 DEBUG 27552 --- [hibernate-tutorial] [           main] org.hibernate.SQL                        : 
    /* SELECT
        p 
    FROM
        Product p 
    WHERE
        p.sku = :sku */ select
            p1_0.id,
            p1_0.name,
            p1_0.price,
            p1_0.sku,
            p1_0.stock_quantity 
        from
            products p1_0 
        where
            p1_0.sku=?
2026-05-06T22:00:06.322+02:00 TRACE 27552 --- [hibernate-tutorial] [           main] org.hibernate.orm.jdbc.bind              : binding parameter (1:VARCHAR) <- [SKU-HEADSET-BT]
 - Diagnostics - debut methode annotee appelee directement
   Transaction active                               : false
   Entites managees                                 : n/a hors transaction
   Connexions actives                               : 0
   Connexions idle                                  : 10
   Connexions totales                               : 10
   Threads attente connexion                        : 0
   Transaction active dans la methode annotee       : false
2026-05-06T22:00:06.332+02:00 DEBUG 27552 --- [hibernate-tutorial] [           main] org.hibernate.SQL                        : 
    /* SELECT
        p 
    FROM
        Product p 
    WHERE
        p.sku = :sku */ select
            p1_0.id,
            p1_0.name,
            p1_0.price,
            p1_0.sku,
            p1_0.stock_quantity 
        from
            products p1_0 
        where
            p1_0.sku=?
2026-05-06T22:00:06.332+02:00 TRACE 27552 --- [hibernate-tutorial] [           main] org.hibernate.orm.jdbc.bind              : binding parameter (1:VARCHAR) <- [SKU-HEADSET-BT]
   Prix modifie en memoire dans la methode annotee  : 2.00
 - Diagnostics - fin methode annotee appelee directement
   Transaction active                               : false
   Entites managees                                 : n/a hors transaction
   Connexions actives                               : 0
   Connexions idle                                  : 10
   Connexions totales                               : 10
   Threads attente connexion                        : 0
2026-05-06T22:00:06.334+02:00 DEBUG 27552 --- [hibernate-tutorial] [           main] org.hibernate.SQL                        : 
    /* SELECT
        p 
    FROM
        Product p 
    WHERE
        p.sku = :sku */ select
            p1_0.id,
            p1_0.name,
            p1_0.price,
            p1_0.sku,
            p1_0.stock_quantity 
        from
            products p1_0 
        where
            p1_0.sku=?
2026-05-06T22:00:06.334+02:00 TRACE 27552 --- [hibernate-tutorial] [           main] org.hibernate.orm.jdbc.bind              : binding parameter (1:VARCHAR) <- [SKU-HEADSET-BT]
   Prix avant self-invocation                       : 149.90
   Prix apres self-invocation                       : 149.90
   Modification persistee                           : false
 - Conclusion: l'annotation @Transactional n'a pas ete appliquee, car l'appel n'est pas passe par le proxy Spring.
 - Diagnostics - fin
   Transaction active                               : false
   Entites managees                                 : n/a hors transaction
   Connexions actives                               : 0
   Connexions idle                                  : 10
   Connexions totales                               : 10
   Threads attente connexion                        : 0

================================================================================
2d. Transaction et LAZY loading: acces hors transaction
================================================================================
 - Diagnostics - debut
   Transaction active                               : false
   Entites managees                                 : n/a hors transaction
   Connexions actives                               : 0
   Connexions idle                                  : 10
   Connexions totales                               : 10
   Threads attente connexion                        : 0
2026-05-06T22:00:06.346+02:00 DEBUG 27552 --- [hibernate-tutorial] [           main] org.hibernate.SQL                        : 
    /* SELECT
        p 
    FROM
        PurchaseOrder p 
    ORDER BY
        p.id asc */ select
            po1_0.id,
            po1_0.created_at,
            po1_0.customer_id,
            po1_0.status 
        from
            purchase_orders po1_0 
        order by
            po1_0.id 
        fetch
            first ? rows only
2026-05-06T22:00:06.346+02:00 TRACE 27552 --- [hibernate-tutorial] [           main] org.hibernate.orm.jdbc.bind              : binding parameter (1:INTEGER) <- [1]
 - Diagnostics - apres lecture commande
   Transaction active                               : false
   Entites managees                                 : n/a hors transaction
   Connexions actives                               : 0
   Connexions idle                                  : 10
   Connexions totales                               : 10
   Threads attente connexion                        : 0
 - LazyInitializationException attendue: la collection LAZY est accedee apres fermeture de la transaction du repository.
   Message Hibernate                                : Cannot lazily initialize collection of role 'com.example.hibernatetutorial.domain.PurchaseOrder.lines' with key '1' (no session)
 - Diagnostics - fin
   Transaction active                               : false
   Entites managees                                 : n/a hors transaction
   Connexions actives                               : 0
   Connexions idle                                  : 10
   Connexions totales                               : 10
   Threads attente connexion                        : 0

================================================================================
2e. Transaction et LAZY loading: acces dans une transaction read-only
================================================================================
 - Diagnostics - debut
   Transaction active                               : true
   Entites managees                                 : 0
   Connexions actives                               : 1
   Connexions idle                                  : 9
   Connexions totales                               : 10
   Threads attente connexion                        : 0
2026-05-06T22:00:06.365+02:00 DEBUG 27552 --- [hibernate-tutorial] [           main] org.hibernate.SQL                        : 
    /* SELECT
        p 
    FROM
        PurchaseOrder p 
    ORDER BY
        p.id asc */ select
            po1_0.id,
            po1_0.created_at,
            po1_0.customer_id,
            po1_0.status 
        from
            purchase_orders po1_0 
        order by
            po1_0.id 
        fetch
            first ? rows only
2026-05-06T22:00:06.365+02:00 TRACE 27552 --- [hibernate-tutorial] [           main] org.hibernate.orm.jdbc.bind              : binding parameter (1:INTEGER) <- [1]
 - Diagnostics - apres lecture commande
   Transaction active                               : true
   Entites managees                                 : 1
   Connexions actives                               : 1
   Connexions idle                                  : 9
   Connexions totales                               : 10
   Threads attente connexion                        : 0
2026-05-06T22:00:06.370+02:00 DEBUG 27552 --- [hibernate-tutorial] [           main] org.hibernate.SQL                        : 
    select
        l1_0.order_id,
        l1_0.id,
        l1_0.product_id,
        l1_0.quantity,
        l1_0.unit_price_snapshot 
    from
        order_lines l1_0 
    where
        l1_0.order_id=?
2026-05-06T22:00:06.370+02:00 TRACE 27552 --- [hibernate-tutorial] [           main] org.hibernate.orm.jdbc.bind              : binding parameter (1:BIGINT) <- [1]
   Nombre de lignes commande                        : 2
 - Diagnostics - apres initialisation lignes LAZY
   Transaction active                               : true
   Entites managees                                 : 3
   Connexions actives                               : 1
   Connexions idle                                  : 9
   Connexions totales                               : 10
   Threads attente connexion                        : 0
   Montant total                                    : 1398.80

================================================================================
3. Projection DTO dans une transaction read-only
================================================================================
 - Diagnostics - debut
   Transaction active                               : true
   Entites managees                                 : 0
   Connexions actives                               : 1
   Connexions idle                                  : 9
   Connexions totales                               : 10
   Threads attente connexion                        : 0
   Transaction Hibernate read-only                  : true
   Flush mode Hibernate                             : MANUAL
2026-05-06T22:00:06.404+02:00 DEBUG 27552 --- [hibernate-tutorial] [           main] org.hibernate.SQL                        : 
    /* select
        new com.example.hibernatetutorial.dto.ProductSalesDto(p.sku, p.name, sum(l.quantity), sum(l.unitPriceSnapshot * l.quantity)) 
    from
        OrderLine l 
    join
        l.product p 
    group by
        p.sku,
        p.name 
    order by
        sum(l.quantity) desc */ select
            p1_0.sku,
            p1_0.name,
            sum(ol1_0.quantity),
            sum((ol1_0.unit_price_snapshot*ol1_0.quantity)) 
        from
            order_lines ol1_0 
        join
            products p1_0 
                on p1_0.id=ol1_0.product_id 
        group by
            p1_0.sku,
            p1_0.name 
        order by
            sum(ol1_0.quantity) desc
 - Diagnostics - apres projection DTO
   Transaction active                               : true
   Entites managees                                 : 0
   Connexions actives                               : 1
   Connexions idle                                  : 9
   Connexions totales                               : 10
   Threads attente connexion                        : 0
   SKU-HEADSET-BT                                   : 3 ventes, CA 449.70 EUR
   SKU-MOUSE-WIRELESS                               : 3 ventes, CA 149.70 EUR
   SKU-KEYBOARD-MECH                                : 2 ventes, CA 239.80 EUR
   SKU-LAPTOP-PRO                                   : 1 ventes, CA 1299.00 EUR
   SKU-PHONE-PLUS                                   : 1 ventes, CA 899.00 EUR

================================================================================
4a. Flush AUTO: une requete JPQL peut declencher un UPDATE avant son SELECT
================================================================================
 - Diagnostics - debut
   Transaction active                               : true
   Entites managees                                 : 0
   Connexions actives                               : 1
   Connexions idle                                  : 9
   Connexions totales                               : 10
   Threads attente connexion                        : 0
2026-05-06T22:00:06.409+02:00 DEBUG 27552 --- [hibernate-tutorial] [           main] org.hibernate.SQL                        : 
    /* SELECT
        p 
    FROM
        Product p 
    WHERE
        p.sku = :sku */ select
            p1_0.id,
            p1_0.name,
            p1_0.price,
            p1_0.sku,
            p1_0.stock_quantity 
        from
            products p1_0 
        where
            p1_0.sku=?
2026-05-06T22:00:06.409+02:00 TRACE 27552 --- [hibernate-tutorial] [           main] org.hibernate.orm.jdbc.bind              : binding parameter (1:VARCHAR) <- [SKU-LAPTOP-PRO]
 - Diagnostics - apres modification laptop
   Transaction active                               : true
   Entites managees                                 : 1
   Connexions actives                               : 1
   Connexions idle                                  : 9
   Connexions totales                               : 10
   Threads attente connexion                        : 0
2026-05-06T22:00:06.428+02:00 DEBUG 27552 --- [hibernate-tutorial] [           main] org.hibernate.SQL                        : 
    /* update
        
    for
        com.example.hibernatetutorial.domain.Product */update products 
    set
        name=?,
        price=?,
        sku=?,
        stock_quantity=? 
    where
        id=?
2026-05-06T22:00:06.428+02:00 TRACE 27552 --- [hibernate-tutorial] [           main] org.hibernate.orm.jdbc.bind              : binding parameter (1:VARCHAR) <- [Ultrabook renomme dans le cache]
2026-05-06T22:00:06.428+02:00 TRACE 27552 --- [hibernate-tutorial] [           main] org.hibernate.orm.jdbc.bind              : binding parameter (2:NUMERIC) <- [1999.00]
2026-05-06T22:00:06.428+02:00 TRACE 27552 --- [hibernate-tutorial] [           main] org.hibernate.orm.jdbc.bind              : binding parameter (3:VARCHAR) <- [SKU-LAPTOP-PRO]
2026-05-06T22:00:06.428+02:00 TRACE 27552 --- [hibernate-tutorial] [           main] org.hibernate.orm.jdbc.bind              : binding parameter (4:INTEGER) <- [24]
2026-05-06T22:00:06.428+02:00 TRACE 27552 --- [hibernate-tutorial] [           main] org.hibernate.orm.jdbc.bind              : binding parameter (5:BIGINT) <- [1]
2026-05-06T22:00:06.428+02:00 DEBUG 27552 --- [hibernate-tutorial] [           main] org.hibernate.SQL                        : 
    /* select
        p 
    from
        Product p 
    where
        p.price >= :minimumPrice 
    order by
        p.price desc */ select
            p1_0.id,
            p1_0.name,
            p1_0.price,
            p1_0.sku,
            p1_0.stock_quantity 
        from
            products p1_0 
        where
            p1_0.price>=? 
        order by
            p1_0.price desc
2026-05-06T22:00:06.431+02:00 TRACE 27552 --- [hibernate-tutorial] [           main] org.hibernate.orm.jdbc.bind              : binding parameter (1:NUMERIC) <- [1500.00]
 - Diagnostics - apres requete qui declenche flush AUTO
   Transaction active                               : true
   Entites managees                                 : 1
   Connexions actives                               : 1
   Connexions idle                                  : 9
   Connexions totales                               : 10
   Threads attente connexion                        : 0
 - Regardez les logs SQL: l'UPDATE du laptop apparait avant le SELECT des produits chers.
   Laptop present dans le resultat                  : true
 - La transaction est marquee rollback-only pour garder les donnees initiales apres la demo.

================================================================================
4b. Flush COMMIT: une requete peut ne pas voir une modification en attente
================================================================================
 - Diagnostics - debut
   Transaction active                               : true
   Entites managees                                 : 0
   Connexions actives                               : 1
   Connexions idle                                  : 9
   Connexions totales                               : 10
   Threads attente connexion                        : 0
2026-05-06T22:00:06.431+02:00 DEBUG 27552 --- [hibernate-tutorial] [           main] org.hibernate.SQL                        : 
    /* SELECT
        p 
    FROM
        Product p 
    WHERE
        p.sku = :sku */ select
            p1_0.id,
            p1_0.name,
            p1_0.price,
            p1_0.sku,
            p1_0.stock_quantity 
        from
            products p1_0 
        where
            p1_0.sku=?
2026-05-06T22:00:06.431+02:00 TRACE 27552 --- [hibernate-tutorial] [           main] org.hibernate.orm.jdbc.bind              : binding parameter (1:VARCHAR) <- [SKU-PHONE-PLUS]
 - Diagnostics - apres modification smartphone
   Transaction active                               : true
   Entites managees                                 : 1
   Connexions actives                               : 1
   Connexions idle                                  : 9
   Connexions totales                               : 10
   Threads attente connexion                        : 0
2026-05-06T22:00:06.431+02:00 DEBUG 27552 --- [hibernate-tutorial] [           main] org.hibernate.SQL                        : 
    /* select
        p 
    from
        Product p 
    where
        p.price >= :minimumPrice 
    order by
        p.price desc */ select
            p1_0.id,
            p1_0.name,
            p1_0.price,
            p1_0.sku,
            p1_0.stock_quantity 
        from
            products p1_0 
        where
            p1_0.price>=? 
        order by
            p1_0.price desc
2026-05-06T22:00:06.441+02:00 TRACE 27552 --- [hibernate-tutorial] [           main] org.hibernate.orm.jdbc.bind              : binding parameter (1:NUMERIC) <- [1500.00]
 - Diagnostics - apres requete en flush COMMIT
   Transaction active                               : true
   Entites managees                                 : 1
   Connexions actives                               : 1
   Connexions idle                                  : 9
   Connexions totales                               : 10
   Threads attente connexion                        : 0
 - Regardez les logs SQL: le SELECT part sans UPDATE prealable du smartphone.
   Smartphone present dans le resultat              : false
 - La transaction est rollback-only pour eviter de conserver ce prix fictif.

================================================================================
5. Isolation: READ_COMMITTED vs REPEATABLE_READ avec deux transactions
================================================================================
 - Diagnostics - debut
   Transaction active                               : false
   Entites managees                                 : n/a hors transaction
   Connexions actives                               : 0
   Connexions idle                                  : 10
   Connexions totales                               : 10
   Threads attente connexion                        : 0
 - Diagnostics - lecture prix en REQUIRES_NEW read-only
   Transaction active                               : true
   Entites managees                                 : 0
   Connexions actives                               : 1
   Connexions idle                                  : 9
   Connexions totales                               : 10
   Threads attente connexion                        : 0
2026-05-06T22:00:06.444+02:00 DEBUG 27552 --- [hibernate-tutorial] [           main] org.hibernate.SQL                        : 
    /* select
        p.price 
    from
        Product p 
    where
        p.sku = :sku */ select
            p1_0.price 
        from
            products p1_0 
        where
            p1_0.sku=?
2026-05-06T22:00:06.449+02:00 TRACE 27552 --- [hibernate-tutorial] [           main] org.hibernate.orm.jdbc.bind              : binding parameter (1:VARCHAR) <- [SKU-MOUSE-WIRELESS]
 - Isolation READ_COMMITTED: transaction A lit, transaction B modifie et commit, transaction A relit.
 - Diagnostics - READ_COMMITTED - debut transaction A
   Transaction active                               : true
   Entites managees                                 : 0
   Connexions actives                               : 1
   Connexions idle                                  : 9
   Connexions totales                               : 10
   Threads attente connexion                        : 0
2026-05-06T22:00:06.454+02:00 DEBUG 27552 --- [hibernate-tutorial] [           main] org.hibernate.SQL                        : 
    /* select
        p.price 
    from
        Product p 
    where
        p.sku = :sku */ select
            p1_0.price 
        from
            products p1_0 
        where
            p1_0.sku=?
2026-05-06T22:00:06.454+02:00 TRACE 27552 --- [hibernate-tutorial] [           main] org.hibernate.orm.jdbc.bind              : binding parameter (1:VARCHAR) <- [SKU-MOUSE-WIRELESS]
 - Diagnostics - READ_COMMITTED - apres premiere lecture scalaire
   Transaction active                               : true
   Entites managees                                 : 0
   Connexions actives                               : 1
   Connexions idle                                  : 9
   Connexions totales                               : 10
   Threads attente connexion                        : 0
 - Diagnostics - update prix en REQUIRES_NEW
   Transaction active                               : true
   Entites managees                                 : 0
   Connexions actives                               : 2
   Connexions idle                                  : 8
   Connexions totales                               : 10
   Threads attente connexion                        : 0
2026-05-06T22:00:06.466+02:00 DEBUG 27552 --- [hibernate-tutorial] [           main] org.hibernate.SQL                        : 
    /* update
        Product p 
    set
        p.price = :price 
    where
        p.sku = :sku */ update products p1_0 
    set
        price=? 
    where
        p1_0.sku=?
2026-05-06T22:00:06.466+02:00 TRACE 27552 --- [hibernate-tutorial] [           main] org.hibernate.orm.jdbc.bind              : binding parameter (1:NUMERIC) <- [59.90]
2026-05-06T22:00:06.466+02:00 TRACE 27552 --- [hibernate-tutorial] [           main] org.hibernate.orm.jdbc.bind              : binding parameter (2:VARCHAR) <- [SKU-MOUSE-WIRELESS]
 - Diagnostics - READ_COMMITTED - apres commit transaction B
   Transaction active                               : true
   Entites managees                                 : 0
   Connexions actives                               : 1
   Connexions idle                                  : 9
   Connexions totales                               : 10
   Threads attente connexion                        : 0
2026-05-06T22:00:06.477+02:00 DEBUG 27552 --- [hibernate-tutorial] [           main] org.hibernate.SQL                        : 
    /* select
        p.price 
    from
        Product p 
    where
        p.sku = :sku */ select
            p1_0.price 
        from
            products p1_0 
        where
            p1_0.sku=?
2026-05-06T22:00:06.477+02:00 TRACE 27552 --- [hibernate-tutorial] [           main] org.hibernate.orm.jdbc.bind              : binding parameter (1:VARCHAR) <- [SKU-MOUSE-WIRELESS]
 - Diagnostics - READ_COMMITTED - apres seconde lecture scalaire
   Transaction active                               : true
   Entites managees                                 : 0
   Connexions actives                               : 1
   Connexions idle                                  : 9
   Connexions totales                               : 10
   Threads attente connexion                        : 0
   READ_COMMITTED - premiere lecture                : 49.90
   READ_COMMITTED - lecture apres commit externe    : 59.90
   READ_COMMITTED - la transaction A voit le commit externe : true
 - Diagnostics - update prix en REQUIRES_NEW
   Transaction active                               : true
   Entites managees                                 : 0
   Connexions actives                               : 1
   Connexions idle                                  : 9
   Connexions totales                               : 10
   Threads attente connexion                        : 0
2026-05-06T22:00:06.482+02:00 DEBUG 27552 --- [hibernate-tutorial] [           main] org.hibernate.SQL                        : 
    /* update
        Product p 
    set
        p.price = :price 
    where
        p.sku = :sku */ update products p1_0 
    set
        price=? 
    where
        p1_0.sku=?
2026-05-06T22:00:06.482+02:00 TRACE 27552 --- [hibernate-tutorial] [           main] org.hibernate.orm.jdbc.bind              : binding parameter (1:NUMERIC) <- [49.90]
2026-05-06T22:00:06.482+02:00 TRACE 27552 --- [hibernate-tutorial] [           main] org.hibernate.orm.jdbc.bind              : binding parameter (2:VARCHAR) <- [SKU-MOUSE-WIRELESS]
 - Diagnostics - lecture prix en REQUIRES_NEW read-only
   Transaction active                               : true
   Entites managees                                 : 0
   Connexions actives                               : 1
   Connexions idle                                  : 9
   Connexions totales                               : 10
   Threads attente connexion                        : 0
2026-05-06T22:00:06.486+02:00 DEBUG 27552 --- [hibernate-tutorial] [           main] org.hibernate.SQL                        : 
    /* select
        p.price 
    from
        Product p 
    where
        p.sku = :sku */ select
            p1_0.price 
        from
            products p1_0 
        where
            p1_0.sku=?
2026-05-06T22:00:06.488+02:00 TRACE 27552 --- [hibernate-tutorial] [           main] org.hibernate.orm.jdbc.bind              : binding parameter (1:VARCHAR) <- [SKU-MOUSE-WIRELESS]
 - Isolation REPEATABLE_READ: transaction A lit, transaction B modifie et commit, transaction A relit.
 - Diagnostics - REPEATABLE_READ - debut transaction A
   Transaction active                               : true
   Entites managees                                 : 0
   Connexions actives                               : 1
   Connexions idle                                  : 9
   Connexions totales                               : 10
   Threads attente connexion                        : 0
2026-05-06T22:00:06.488+02:00 DEBUG 27552 --- [hibernate-tutorial] [           main] org.hibernate.SQL                        : 
    /* select
        p.price 
    from
        Product p 
    where
        p.sku = :sku */ select
            p1_0.price 
        from
            products p1_0 
        where
            p1_0.sku=?
2026-05-06T22:00:06.488+02:00 TRACE 27552 --- [hibernate-tutorial] [           main] org.hibernate.orm.jdbc.bind              : binding parameter (1:VARCHAR) <- [SKU-MOUSE-WIRELESS]
 - Diagnostics - REPEATABLE_READ - apres premiere lecture scalaire
[...]

================================================================================
7. Propagation REQUIRED: l'appel interne participe a la transaction externe
================================================================================
 - Diagnostics - debut
   Transaction active                               : false
   Entites managees                                 : n/a hors transaction
   Connexions actives                               : 0
   Connexions idle                                  : 10
   Connexions totales                               : 10
   Threads attente connexion                        : 0
 - Diagnostics - lecture prix en REQUIRES_NEW read-only
   Transaction active                               : true
   Entites managees                                 : 0
   Connexions actives                               : 1
   Connexions idle                                  : 9
   Connexions totales                               : 10
   Threads attente connexion                        : 0
2026-05-06T22:00:06.531+02:00 DEBUG 27552 --- [hibernate-tutorial] [           main] org.hibernate.SQL                        : 
    /* select
        p.price 
    from
        Product p 
    where
        p.sku = :sku */ select
            p1_0.price 
        from
            products p1_0 
        where
            p1_0.sku=?
2026-05-06T22:00:06.532+02:00 TRACE 27552 --- [hibernate-tutorial] [           main] org.hibernate.orm.jdbc.bind              : binding parameter (1:VARCHAR) <- [SKU-PHONE-PLUS]
 - Diagnostics - debut transaction externe REQUIRED
   Transaction active                               : true
   Entites managees                                 : 0
   Connexions actives                               : 1
   Connexions idle                                  : 9
   Connexions totales                               : 10
   Threads attente connexion                        : 0
2026-05-06T22:00:06.536+02:00 DEBUG 27552 --- [hibernate-tutorial] [           main] org.hibernate.SQL                        : 
    /* update
        Product p 
    set
        p.price = :price 
    where
        p.sku = :sku */ update products p1_0 
    set
        price=? 
    where
        p1_0.sku=?
2026-05-06T22:00:06.536+02:00 TRACE 27552 --- [hibernate-tutorial] [           main] org.hibernate.orm.jdbc.bind              : binding parameter (1:NUMERIC) <- [1500.00]
2026-05-06T22:00:06.536+02:00 TRACE 27552 --- [hibernate-tutorial] [           main] org.hibernate.orm.jdbc.bind              : binding parameter (2:VARCHAR) <- [SKU-PHONE-PLUS]
2026-05-06T22:00:06.537+02:00 DEBUG 27552 --- [hibernate-tutorial] [           main] org.hibernate.SQL                        : 
    /* select
        p.price 
    from
        Product p 
    where
        p.sku = :sku */ select
            p1_0.price 
        from
            products p1_0 
        where
            p1_0.sku=?
2026-05-06T22:00:06.537+02:00 TRACE 27552 --- [hibernate-tutorial] [           main] org.hibernate.orm.jdbc.bind              : binding parameter (1:VARCHAR) <- [SKU-PHONE-PLUS]
   Prix dans la transaction externe                 : 1500.00
 - Diagnostics - apres modification externe
   Transaction active                               : true
   Entites managees                                 : 0
   Connexions actives                               : 1
   Connexions idle                                  : 9
   Connexions totales                               : 10
   Threads attente connexion                        : 0
 - Diagnostics - debut appel interne REQUIRED
   Transaction active                               : true
   Entites managees                                 : 0
   Connexions actives                               : 1
   Connexions idle                                  : 9
   Connexions totales                               : 10
   Threads attente connexion                        : 0
2026-05-06T22:00:06.540+02:00 DEBUG 27552 --- [hibernate-tutorial] [           main] org.hibernate.SQL                        : 
    /* update
        Product p 
    set
        p.price = :price 
    where
        p.sku = :sku */ update products p1_0 
    set
        price=? 
    where
        p1_0.sku=?
2026-05-06T22:00:06.541+02:00 TRACE 27552 --- [hibernate-tutorial] [           main] org.hibernate.orm.jdbc.bind              : binding parameter (1:NUMERIC) <- [1600.00]
2026-05-06T22:00:06.543+02:00 TRACE 27552 --- [hibernate-tutorial] [           main] org.hibernate.orm.jdbc.bind              : binding parameter (2:VARCHAR) <- [SKU-PHONE-PLUS]
2026-05-06T22:00:06.544+02:00 DEBUG 27552 --- [hibernate-tutorial] [           main] org.hibernate.SQL                        : 
    /* select
        p.price 
    from
        Product p 
    where
        p.sku = :sku */ select
            p1_0.price 
        from
            products p1_0 
        where
            p1_0.sku=?
2026-05-06T22:00:06.544+02:00 TRACE 27552 --- [hibernate-tutorial] [           main] org.hibernate.orm.jdbc.bind              : binding parameter (1:VARCHAR) <- [SKU-PHONE-PLUS]
   Prix dans l'appel interne REQUIRED               : 1600.00
 - Diagnostics - apres modification interne REQUIRED
   Transaction active                               : true
   Entites managees                                 : 0
   Connexions actives                               : 1
   Connexions idle                                  : 9
   Connexions totales                               : 10
   Threads attente connexion                        : 0
 - Le code externe continue, mais la transaction commune est rollback-only.
 - Diagnostics - fin transaction externe avant rollback
   Transaction active                               : true
   Entites managees                                 : 0
   Connexions actives                               : 1
   Connexions idle                                  : 9
   Connexions totales                               : 10
   Threads attente connexion                        : 0
   Exception au commit                              : UnexpectedRollbackException
 - Diagnostics - lecture prix en REQUIRES_NEW read-only
   Transaction active                               : true
   Entites managees                                 : 0
   Connexions actives                               : 1
   Connexions idle                                  : 9
   Connexions totales                               : 10
   Threads attente connexion                        : 0
2026-05-06T22:00:06.547+02:00 DEBUG 27552 --- [hibernate-tutorial] [           main] org.hibernate.SQL                        : 
    /* select
        p.price 
    from
        Product p 
    where
        p.sku = :sku */ select
            p1_0.price 
        from
            products p1_0 
        where
            p1_0.sku=?
2026-05-06T22:00:06.550+02:00 TRACE 27552 --- [hibernate-tutorial] [           main] org.hibernate.orm.jdbc.bind              : binding parameter (1:VARCHAR) <- [SKU-PHONE-PLUS]
   Prix apres rollback REQUIRED                     : 899.00
   Prix initial conserve                            : true
 - Diagnostics - fin
   Transaction active                               : false
   Entites managees                                 : n/a hors transaction
   Connexions actives                               : 0
   Connexions idle                                  : 10
   Connexions totales                               : 10
   Threads attente connexion                        : 0

================================================================================
8. Propagation REQUIRES_NEW: l'appel interne commit meme si l'externe rollback
================================================================================
 - Diagnostics - debut
   Transaction active                               : false
   Entites managees                                 : n/a hors transaction
   Connexions actives                               : 0
   Connexions idle                                  : 10
   Connexions totales                               : 10
   Threads attente connexion                        : 0
 - Diagnostics - lecture prix en REQUIRES_NEW read-only
   Transaction active                               : true
   Entites managees                                 : 0
   Connexions actives                               : 1
   Connexions idle                                  : 9
   Connexions totales                               : 10
   Threads attente connexion                        : 0
2026-05-06T22:00:06.552+02:00 DEBUG 27552 --- [hibernate-tutorial] [           main] org.hibernate.SQL                        : 
    /* select
        p.price 
    from
        Product p 
    where
        p.sku = :sku */ select
            p1_0.price 
        from
            products p1_0 
        where
            p1_0.sku=?
2026-05-06T22:00:06.552+02:00 TRACE 27552 --- [hibernate-tutorial] [           main] org.hibernate.orm.jdbc.bind              : binding parameter (1:VARCHAR) <- [SKU-PHONE-PLUS]
 - Diagnostics - lecture prix en REQUIRES_NEW read-only
   Transaction active                               : true
   Entites managees                                 : 0
   Connexions actives                               : 1
   Connexions idle                                  : 9
   Connexions totales                               : 10
   Threads attente connexion                        : 0
2026-05-06T22:00:06.555+02:00 DEBUG 27552 --- [hibernate-tutorial] [           main] org.hibernate.SQL                        : 
    /* select
        p.price 
    from
        Product p 
    where
        p.sku = :sku */ select
            p1_0.price 
        from
            products p1_0 
        where
            p1_0.sku=?
2026-05-06T22:00:06.555+02:00 TRACE 27552 --- [hibernate-tutorial] [           main] org.hibernate.orm.jdbc.bind              : binding parameter (1:VARCHAR) <- [SKU-HEADSET-BT]
 - Diagnostics - debut transaction externe REQUIRED
   Transaction active                               : true
   Entites managees                                 : 0
   Connexions actives                               : 1
   Connexions idle                                  : 9
   Connexions totales                               : 10
   Threads attente connexion                        : 0
2026-05-06T22:00:06.560+02:00 DEBUG 27552 --- [hibernate-tutorial] [           main] org.hibernate.SQL                        : 
    /* update
        Product p 
    set
        p.price = :price 
    where
        p.sku = :sku */ update products p1_0 
    set
        price=? 
    where
        p1_0.sku=?
2026-05-06T22:00:06.560+02:00 TRACE 27552 --- [hibernate-tutorial] [           main] org.hibernate.orm.jdbc.bind              : binding parameter (1:NUMERIC) <- [1700.00]
2026-05-06T22:00:06.560+02:00 TRACE 27552 --- [hibernate-tutorial] [           main] org.hibernate.orm.jdbc.bind              : binding parameter (2:VARCHAR) <- [SKU-PHONE-PLUS]
2026-05-06T22:00:06.560+02:00 DEBUG 27552 --- [hibernate-tutorial] [           main] org.hibernate.SQL                        : 
    /* select
        p.price 
    from
        Product p 
    where
        p.sku = :sku */ select
            p1_0.price 
        from
            products p1_0 
        where
            p1_0.sku=?
2026-05-06T22:00:06.560+02:00 TRACE 27552 --- [hibernate-tutorial] [           main] org.hibernate.orm.jdbc.bind              : binding parameter (1:VARCHAR) <- [SKU-PHONE-PLUS]
   Prix smartphone dans transaction externe         : 1700.00
 - Diagnostics - apres modification externe
   Transaction active                               : true
   Entites managees                                 : 0
   Connexions actives                               : 1
   Connexions idle                                  : 9
   Connexions totales                               : 10
   Threads attente connexion                        : 0
 - Diagnostics - debut transaction interne REQUIRES_NEW
   Transaction active                               : true
   Entites managees                                 : 0
   Connexions actives                               : 2
   Connexions idle                                  : 8
   Connexions totales                               : 10
   Threads attente connexion                        : 0
2026-05-06T22:00:06.563+02:00 DEBUG 27552 --- [hibernate-tutorial] [           main] org.hibernate.SQL                        : 
    /* update
        Product p 
    set
        p.price = :price 
    where
        p.sku = :sku */ update products p1_0 
    set
        price=? 
    where
        p1_0.sku=?
2026-05-06T22:00:06.564+02:00 TRACE 27552 --- [hibernate-tutorial] [           main] org.hibernate.orm.jdbc.bind              : binding parameter (1:NUMERIC) <- [80.00]
2026-05-06T22:00:06.564+02:00 TRACE 27552 --- [hibernate-tutorial] [           main] org.hibernate.orm.jdbc.bind              : binding parameter (2:VARCHAR) <- [SKU-HEADSET-BT]
2026-05-06T22:00:06.565+02:00 DEBUG 27552 --- [hibernate-tutorial] [           main] org.hibernate.SQL                        : 
    /* select
        p.price 
    from
        Product p 
    where
        p.sku = :sku */ select
            p1_0.price 
        from
            products p1_0 
        where
            p1_0.sku=?
2026-05-06T22:00:06.565+02:00 TRACE 27552 --- [hibernate-tutorial] [           main] org.hibernate.orm.jdbc.bind              : binding parameter (1:VARCHAR) <- [SKU-HEADSET-BT]
   Prix casque dans REQUIRES_NEW                    : 80.00
 - Diagnostics - fin transaction interne REQUIRES_NEW
   Transaction active                               : true
   Entites managees                                 : 0
   Connexions actives                               : 2
   Connexions idle                                  : 8
   Connexions totales                               : 10
   Threads attente connexion                        : 0
 - Diagnostics - apres retour REQUIRES_NEW
   Transaction active                               : true
   Entites managees                                 : 0
   Connexions actives                               : 1
   Connexions idle                                  : 9
   Connexions totales                               : 10
   Threads attente connexion                        : 0
 - Diagnostics - fin transaction externe rollback-only
   Transaction active                               : true
   Entites managees                                 : 0
   Connexions actives                               : 1
   Connexions idle                                  : 9
   Connexions totales                               : 10
   Threads attente connexion                        : 0
 - Diagnostics - lecture prix en REQUIRES_NEW read-only
   Transaction active                               : true
   Entites managees                                 : 0
   Connexions actives                               : 1
   Connexions idle                                  : 9
   Connexions totales                               : 10
   Threads attente connexion                        : 0
2026-05-06T22:00:06.567+02:00 DEBUG 27552 --- [hibernate-tutorial] [           main] org.hibernate.SQL                        : 
    /* select
        p.price 
    from
        Product p 
    where
        p.sku = :sku */ select
            p1_0.price 
        from
            products p1_0 
        where
            p1_0.sku=?
2026-05-06T22:00:06.570+02:00 TRACE 27552 --- [hibernate-tutorial] [           main] org.hibernate.orm.jdbc.bind              : binding parameter (1:VARCHAR) <- [SKU-PHONE-PLUS]
 - Diagnostics - lecture prix en REQUIRES_NEW read-only
   Transaction active                               : true
   Entites managees                                 : 0
   Connexions actives                               : 1
   Connexions idle                                  : 9
   Connexions totales                               : 10
   Threads attente connexion                        : 0
2026-05-06T22:00:06.572+02:00 DEBUG 27552 --- [hibernate-tutorial] [           main] org.hibernate.SQL                        : 
    /* select
        p.price 
    from
        Product p 
    where
        p.sku = :sku */ select
            p1_0.price 
        from
            products p1_0 
        where
            p1_0.sku=?
2026-05-06T22:00:06.572+02:00 TRACE 27552 --- [hibernate-tutorial] [           main] org.hibernate.orm.jdbc.bind              : binding parameter (1:VARCHAR) <- [SKU-HEADSET-BT]
   Smartphone apres rollback externe                : 899.00
   Casque apres commit REQUIRES_NEW                 : 80.00
 - Diagnostics - update prix en REQUIRES_NEW
   Transaction active                               : true
   Entites managees                                 : 0
   Connexions actives                               : 1
   Connexions idle                                  : 9
   Connexions totales                               : 10
   Threads attente connexion                        : 0
2026-05-06T22:00:06.576+02:00 DEBUG 27552 --- [hibernate-tutorial] [           main] org.hibernate.SQL                        : 
    /* update
        Product p 
    set
        p.price = :price 
    where
        p.sku = :sku */ update products p1_0 
    set
        price=? 
    where
        p1_0.sku=?
2026-05-06T22:00:06.578+02:00 TRACE 27552 --- [hibernate-tutorial] [           main] org.hibernate.orm.jdbc.bind              : binding parameter (1:NUMERIC) <- [149.90]
2026-05-06T22:00:06.578+02:00 TRACE 27552 --- [hibernate-tutorial] [           main] org.hibernate.orm.jdbc.bind              : binding parameter (2:VARCHAR) <- [SKU-HEADSET-BT]
 - Diagnostics - update prix en REQUIRES_NEW
   Transaction active                               : true
   Entites managees                                 : 0
   Connexions actives                               : 1
   Connexions idle                                  : 9
   Connexions totales                               : 10
   Threads attente connexion                        : 0
2026-05-06T22:00:06.580+02:00 DEBUG 27552 --- [hibernate-tutorial] [           main] org.hibernate.SQL                        : 
    /* update
        Product p 
    set
        p.price = :price 
    where
        p.sku = :sku */ update products p1_0 
    set
        price=? 
    where
        p1_0.sku=?
2026-05-06T22:00:06.580+02:00 TRACE 27552 --- [hibernate-tutorial] [           main] org.hibernate.orm.jdbc.bind              : binding parameter (1:NUMERIC) <- [899.00]
2026-05-06T22:00:06.580+02:00 TRACE 27552 --- [hibernate-tutorial] [           main] org.hibernate.orm.jdbc.bind              : binding parameter (2:VARCHAR) <- [SKU-PHONE-PLUS]
 - Diagnostics - fin
   Transaction active                               : false
   Entites managees                                 : n/a hors transaction
   Connexions actives                               : 0
   Connexions idle                                  : 10
   Connexions totales                               : 10
   Threads attente connexion                        : 0
]]></system-out>
    <system-err><![CDATA[Mockito is currently self-attaching to enable the inline-mock-maker. This will no longer work in future releases of the JDK. Please add Mockito as an agent to your build as described in Mockito's documentation: https://javadoc.io/doc/org.mockito/mockito-core/latest/org.mockito/org/mockito/Mockito.html#0.3
WARNING: A Java agent has been loaded dynamically (C:\Users\drave\.m2\repository\net\bytebuddy\byte-buddy-agent\1.17.8\byte-buddy-agent-1.17.8.jar)
WARNING: If a serviceability tool is in use, please run with -XX:+EnableDynamicAgentLoading to hide this warning
WARNING: If a serviceability tool is not in use, please run with -Djdk.instrument.traceUsage for more information
WARNING: Dynamic loading of agents will be disallowed by default in a future release
]]></system-err>
  </testcase>
</testsuite>